Reading fortran codes...
	Reading file 'src/glmnet/_glmnet/glmnet5.f' (format:fix,strict)
Post-processing...
	Block: _glmnet
{}
In: :_glmnet:src/glmnet/_glmnet/glmnet5.f:get_int_parms
vars2fortran: No typespec for argument "sml".
{}
In: :_glmnet:src/glmnet/_glmnet/glmnet5.f:get_int_parms
vars2fortran: No typespec for argument "eps".
{}
In: :_glmnet:src/glmnet/_glmnet/glmnet5.f:get_int_parms
vars2fortran: No typespec for argument "big".
{}
In: :_glmnet:src/glmnet/_glmnet/glmnet5.f:get_int_parms
vars2fortran: No typespec for argument "mnlam".
{}
In: :_glmnet:src/glmnet/_glmnet/glmnet5.f:get_int_parms
vars2fortran: No typespec for argument "rsqmax".
{}
In: :_glmnet:src/glmnet/_glmnet/glmnet5.f:get_int_parms
vars2fortran: No typespec for argument "pmin".
{}
In: :_glmnet:src/glmnet/_glmnet/glmnet5.f:get_int_parms
vars2fortran: No typespec for argument "exmx".
			Block: get_int_parms
{}
In: :_glmnet:src/glmnet/_glmnet/glmnet5.f:elnet
vars2fortran: No typespec for argument "ka".
{}
In: :_glmnet:src/glmnet/_glmnet/glmnet5.f:elnet
vars2fortran: No typespec for argument "parm".
{}
In: :_glmnet:src/glmnet/_glmnet/glmnet5.f:elnet
vars2fortran: No typespec for argument "no".
{}
In: :_glmnet:src/glmnet/_glmnet/glmnet5.f:elnet
vars2fortran: No typespec for argument "ni".
{}
In: :_glmnet:src/glmnet/_glmnet/glmnet5.f:elnet
vars2fortran: No typespec for argument "ne".
{}
In: :_glmnet:src/glmnet/_glmnet/glmnet5.f:elnet
vars2fortran: No typespec for argument "nx".
{}
In: :_glmnet:src/glmnet/_glmnet/glmnet5.f:elnet
vars2fortran: No typespec for argument "nlam".
{}
In: :_glmnet:src/glmnet/_glmnet/glmnet5.f:elnet
vars2fortran: No typespec for argument "flmin".
{}
In: :_glmnet:src/glmnet/_glmnet/glmnet5.f:elnet
vars2fortran: No typespec for argument "thr".
{}
In: :_glmnet:src/glmnet/_glmnet/glmnet5.f:elnet
vars2fortran: No typespec for argument "isd".
{}
In: :_glmnet:src/glmnet/_glmnet/glmnet5.f:elnet
vars2fortran: No typespec for argument "intr".
{}
In: :_glmnet:src/glmnet/_glmnet/glmnet5.f:elnet
vars2fortran: No typespec for argument "maxit".
{}
In: :_glmnet:src/glmnet/_glmnet/glmnet5.f:elnet
vars2fortran: No typespec for argument "lmu".
{}
In: :_glmnet:src/glmnet/_glmnet/glmnet5.f:elnet
vars2fortran: No typespec for argument "nlp".
{}
In: :_glmnet:src/glmnet/_glmnet/glmnet5.f:elnet
vars2fortran: No typespec for argument "jerr".
			Block: elnet
{}
In: :_glmnet:src/glmnet/_glmnet/glmnet5.f:elnetu
vars2fortran: No typespec for argument "parm".
{}
In: :_glmnet:src/glmnet/_glmnet/glmnet5.f:elnetu
vars2fortran: No typespec for argument "no".
{}
In: :_glmnet:src/glmnet/_glmnet/glmnet5.f:elnetu
vars2fortran: No typespec for argument "ni".
{}
In: :_glmnet:src/glmnet/_glmnet/glmnet5.f:elnetu
vars2fortran: No typespec for argument "ne".
{}
In: :_glmnet:src/glmnet/_glmnet/glmnet5.f:elnetu
vars2fortran: No typespec for argument "nx".
{}
In: :_glmnet:src/glmnet/_glmnet/glmnet5.f:elnetu
vars2fortran: No typespec for argument "nlam".
{}
In: :_glmnet:src/glmnet/_glmnet/glmnet5.f:elnetu
vars2fortran: No typespec for argument "flmin".
{}
In: :_glmnet:src/glmnet/_glmnet/glmnet5.f:elnetu
vars2fortran: No typespec for argument "thr".
{}
In: :_glmnet:src/glmnet/_glmnet/glmnet5.f:elnetu
vars2fortran: No typespec for argument "isd".
{}
In: :_glmnet:src/glmnet/_glmnet/glmnet5.f:elnetu
vars2fortran: No typespec for argument "intr".
{}
In: :_glmnet:src/glmnet/_glmnet/glmnet5.f:elnetu
vars2fortran: No typespec for argument "maxit".
{}
In: :_glmnet:src/glmnet/_glmnet/glmnet5.f:elnetu
vars2fortran: No typespec for argument "lmu".
{}
In: :_glmnet:src/glmnet/_glmnet/glmnet5.f:elnetu
vars2fortran: No typespec for argument "nlp".
{}
In: :_glmnet:src/glmnet/_glmnet/glmnet5.f:elnetu
vars2fortran: No typespec for argument "jerr".
			Block: elnetu
{}
In: :_glmnet:src/glmnet/_glmnet/glmnet5.f:standard
vars2fortran: No typespec for argument "no".
{}
In: :_glmnet:src/glmnet/_glmnet/glmnet5.f:standard
vars2fortran: No typespec for argument "ni".
{}
In: :_glmnet:src/glmnet/_glmnet/glmnet5.f:standard
vars2fortran: No typespec for argument "isd".
{}
In: :_glmnet:src/glmnet/_glmnet/glmnet5.f:standard
vars2fortran: No typespec for argument "intr".
{}
In: :_glmnet:src/glmnet/_glmnet/glmnet5.f:standard
vars2fortran: No typespec for argument "ym".
{}
In: :_glmnet:src/glmnet/_glmnet/glmnet5.f:standard
vars2fortran: No typespec for argument "ys".
{}
In: :_glmnet:src/glmnet/_glmnet/glmnet5.f:standard
vars2fortran: No typespec for argument "jerr".
			Block: standard
{}
In: :_glmnet:src/glmnet/_glmnet/glmnet5.f:elnet1
vars2fortran: No typespec for argument "beta".
{}
In: :_glmnet:src/glmnet/_glmnet/glmnet5.f:elnet1
vars2fortran: No typespec for argument "ni".
{}
In: :_glmnet:src/glmnet/_glmnet/glmnet5.f:elnet1
vars2fortran: No typespec for argument "no".
{}
In: :_glmnet:src/glmnet/_glmnet/glmnet5.f:elnet1
vars2fortran: No typespec for argument "ne".
{}
In: :_glmnet:src/glmnet/_glmnet/glmnet5.f:elnet1
vars2fortran: No typespec for argument "nx".
{}
In: :_glmnet:src/glmnet/_glmnet/glmnet5.f:elnet1
vars2fortran: No typespec for argument "nlam".
{}
In: :_glmnet:src/glmnet/_glmnet/glmnet5.f:elnet1
vars2fortran: No typespec for argument "flmin".
{}
In: :_glmnet:src/glmnet/_glmnet/glmnet5.f:elnet1
vars2fortran: No typespec for argument "thr".
{}
In: :_glmnet:src/glmnet/_glmnet/glmnet5.f:elnet1
vars2fortran: No typespec for argument "maxit".
{}
In: :_glmnet:src/glmnet/_glmnet/glmnet5.f:elnet1
vars2fortran: No typespec for argument "lmu".
{}
In: :_glmnet:src/glmnet/_glmnet/glmnet5.f:elnet1
vars2fortran: No typespec for argument "nlp".
{}
In: :_glmnet:src/glmnet/_glmnet/glmnet5.f:elnet1
vars2fortran: No typespec for argument "jerr".
			Block: elnet1
{}
In: :_glmnet:src/glmnet/_glmnet/glmnet5.f:elnetn
vars2fortran: No typespec for argument "parm".
{}
In: :_glmnet:src/glmnet/_glmnet/glmnet5.f:elnetn
vars2fortran: No typespec for argument "no".
{}
In: :_glmnet:src/glmnet/_glmnet/glmnet5.f:elnetn
vars2fortran: No typespec for argument "ni".
{}
In: :_glmnet:src/glmnet/_glmnet/glmnet5.f:elnetn
vars2fortran: No typespec for argument "ne".
{}
In: :_glmnet:src/glmnet/_glmnet/glmnet5.f:elnetn
vars2fortran: No typespec for argument "nx".
{}
In: :_glmnet:src/glmnet/_glmnet/glmnet5.f:elnetn
vars2fortran: No typespec for argument "nlam".
{}
In: :_glmnet:src/glmnet/_glmnet/glmnet5.f:elnetn
vars2fortran: No typespec for argument "flmin".
{}
In: :_glmnet:src/glmnet/_glmnet/glmnet5.f:elnetn
vars2fortran: No typespec for argument "thr".
{}
In: :_glmnet:src/glmnet/_glmnet/glmnet5.f:elnetn
vars2fortran: No typespec for argument "isd".
{}
In: :_glmnet:src/glmnet/_glmnet/glmnet5.f:elnetn
vars2fortran: No typespec for argument "intr".
{}
In: :_glmnet:src/glmnet/_glmnet/glmnet5.f:elnetn
vars2fortran: No typespec for argument "maxit".
{}
In: :_glmnet:src/glmnet/_glmnet/glmnet5.f:elnetn
vars2fortran: No typespec for argument "lmu".
{}
In: :_glmnet:src/glmnet/_glmnet/glmnet5.f:elnetn
vars2fortran: No typespec for argument "nlp".
{}
In: :_glmnet:src/glmnet/_glmnet/glmnet5.f:elnetn
vars2fortran: No typespec for argument "jerr".
			Block: elnetn
{}
In: :_glmnet:src/glmnet/_glmnet/glmnet5.f:standard1
vars2fortran: No typespec for argument "no".
{}
In: :_glmnet:src/glmnet/_glmnet/glmnet5.f:standard1
vars2fortran: No typespec for argument "ni".
{}
In: :_glmnet:src/glmnet/_glmnet/glmnet5.f:standard1
vars2fortran: No typespec for argument "isd".
{}
In: :_glmnet:src/glmnet/_glmnet/glmnet5.f:standard1
vars2fortran: No typespec for argument "intr".
{}
In: :_glmnet:src/glmnet/_glmnet/glmnet5.f:standard1
vars2fortran: No typespec for argument "ym".
{}
In: :_glmnet:src/glmnet/_glmnet/glmnet5.f:standard1
vars2fortran: No typespec for argument "ys".
{}
In: :_glmnet:src/glmnet/_glmnet/glmnet5.f:standard1
vars2fortran: No typespec for argument "jerr".
			Block: standard1
{}
In: :_glmnet:src/glmnet/_glmnet/glmnet5.f:elnet2
vars2fortran: No typespec for argument "beta".
{}
In: :_glmnet:src/glmnet/_glmnet/glmnet5.f:elnet2
vars2fortran: No typespec for argument "ni".
{}
In: :_glmnet:src/glmnet/_glmnet/glmnet5.f:elnet2
vars2fortran: No typespec for argument "no".
{}
In: :_glmnet:src/glmnet/_glmnet/glmnet5.f:elnet2
vars2fortran: No typespec for argument "ne".
{}
In: :_glmnet:src/glmnet/_glmnet/glmnet5.f:elnet2
vars2fortran: No typespec for argument "nx".
{}
In: :_glmnet:src/glmnet/_glmnet/glmnet5.f:elnet2
vars2fortran: No typespec for argument "nlam".
{}
In: :_glmnet:src/glmnet/_glmnet/glmnet5.f:elnet2
vars2fortran: No typespec for argument "flmin".
{}
In: :_glmnet:src/glmnet/_glmnet/glmnet5.f:elnet2
vars2fortran: No typespec for argument "thr".
{}
In: :_glmnet:src/glmnet/_glmnet/glmnet5.f:elnet2
vars2fortran: No typespec for argument "maxit".
{}
In: :_glmnet:src/glmnet/_glmnet/glmnet5.f:elnet2
vars2fortran: No typespec for argument "lmu".
{}
In: :_glmnet:src/glmnet/_glmnet/glmnet5.f:elnet2
vars2fortran: No typespec for argument "nlp".
{}
In: :_glmnet:src/glmnet/_glmnet/glmnet5.f:elnet2
vars2fortran: No typespec for argument "jerr".
			Block: elnet2
{}
In: :_glmnet:src/glmnet/_glmnet/glmnet5.f:chkvars
vars2fortran: No typespec for argument "no".
{}
In: :_glmnet:src/glmnet/_glmnet/glmnet5.f:chkvars
vars2fortran: No typespec for argument "ni".
			Block: chkvars
{}
In: :_glmnet:src/glmnet/_glmnet/glmnet5.f:uncomp
vars2fortran: No typespec for argument "ni".
{}
In: :_glmnet:src/glmnet/_glmnet/glmnet5.f:uncomp
vars2fortran: No typespec for argument "nin".
			Block: uncomp
{}
In: :_glmnet:src/glmnet/_glmnet/glmnet5.f:modval
vars2fortran: No typespec for argument "a0".
{}
In: :_glmnet:src/glmnet/_glmnet/glmnet5.f:modval
vars2fortran: No typespec for argument "nin".
{}
In: :_glmnet:src/glmnet/_glmnet/glmnet5.f:modval
vars2fortran: No typespec for argument "n".
			Block: modval
{}
In: :_glmnet:src/glmnet/_glmnet/glmnet5.f:spelnet
vars2fortran: No typespec for argument "ka".
{}
In: :_glmnet:src/glmnet/_glmnet/glmnet5.f:spelnet
vars2fortran: No typespec for argument "parm".
{}
In: :_glmnet:src/glmnet/_glmnet/glmnet5.f:spelnet
vars2fortran: No typespec for argument "no".
{}
In: :_glmnet:src/glmnet/_glmnet/glmnet5.f:spelnet
vars2fortran: No typespec for argument "ni".
{}
In: :_glmnet:src/glmnet/_glmnet/glmnet5.f:spelnet
vars2fortran: No typespec for argument "ne".
{}
In: :_glmnet:src/glmnet/_glmnet/glmnet5.f:spelnet
vars2fortran: No typespec for argument "nx".
{}
In: :_glmnet:src/glmnet/_glmnet/glmnet5.f:spelnet
vars2fortran: No typespec for argument "nlam".
{}
In: :_glmnet:src/glmnet/_glmnet/glmnet5.f:spelnet
vars2fortran: No typespec for argument "flmin".
{}
In: :_glmnet:src/glmnet/_glmnet/glmnet5.f:spelnet
vars2fortran: No typespec for argument "thr".
{}
In: :_glmnet:src/glmnet/_glmnet/glmnet5.f:spelnet
vars2fortran: No typespec for argument "isd".
{}
In: :_glmnet:src/glmnet/_glmnet/glmnet5.f:spelnet
vars2fortran: No typespec for argument "intr".
{}
In: :_glmnet:src/glmnet/_glmnet/glmnet5.f:spelnet
vars2fortran: No typespec for argument "maxit".
{}
In: :_glmnet:src/glmnet/_glmnet/glmnet5.f:spelnet
vars2fortran: No typespec for argument "lmu".
{}
In: :_glmnet:src/glmnet/_glmnet/glmnet5.f:spelnet
vars2fortran: No typespec for argument "nlp".
{}
In: :_glmnet:src/glmnet/_glmnet/glmnet5.f:spelnet
vars2fortran: No typespec for argument "jerr".
			Block: spelnet
{}
In: :_glmnet:src/glmnet/_glmnet/glmnet5.f:spelnetu
vars2fortran: No typespec for argument "parm".
{}
In: :_glmnet:src/glmnet/_glmnet/glmnet5.f:spelnetu
vars2fortran: No typespec for argument "no".
{}
In: :_glmnet:src/glmnet/_glmnet/glmnet5.f:spelnetu
vars2fortran: No typespec for argument "ni".
{}
In: :_glmnet:src/glmnet/_glmnet/glmnet5.f:spelnetu
vars2fortran: No typespec for argument "ne".
{}
In: :_glmnet:src/glmnet/_glmnet/glmnet5.f:spelnetu
vars2fortran: No typespec for argument "nx".
{}
In: :_glmnet:src/glmnet/_glmnet/glmnet5.f:spelnetu
vars2fortran: No typespec for argument "nlam".
{}
In: :_glmnet:src/glmnet/_glmnet/glmnet5.f:spelnetu
vars2fortran: No typespec for argument "flmin".
{}
In: :_glmnet:src/glmnet/_glmnet/glmnet5.f:spelnetu
vars2fortran: No typespec for argument "thr".
{}
In: :_glmnet:src/glmnet/_glmnet/glmnet5.f:spelnetu
vars2fortran: No typespec for argument "isd".
{}
In: :_glmnet:src/glmnet/_glmnet/glmnet5.f:spelnetu
vars2fortran: No typespec for argument "intr".
{}
In: :_glmnet:src/glmnet/_glmnet/glmnet5.f:spelnetu
vars2fortran: No typespec for argument "maxit".
{}
In: :_glmnet:src/glmnet/_glmnet/glmnet5.f:spelnetu
vars2fortran: No typespec for argument "lmu".
{}
In: :_glmnet:src/glmnet/_glmnet/glmnet5.f:spelnetu
vars2fortran: No typespec for argument "nlp".
{}
In: :_glmnet:src/glmnet/_glmnet/glmnet5.f:spelnetu
vars2fortran: No typespec for argument "jerr".
			Block: spelnetu
{}
In: :_glmnet:src/glmnet/_glmnet/glmnet5.f:spstandard
vars2fortran: No typespec for argument "no".
{}
In: :_glmnet:src/glmnet/_glmnet/glmnet5.f:spstandard
vars2fortran: No typespec for argument "ni".
{}
In: :_glmnet:src/glmnet/_glmnet/glmnet5.f:spstandard
vars2fortran: No typespec for argument "isd".
{}
In: :_glmnet:src/glmnet/_glmnet/glmnet5.f:spstandard
vars2fortran: No typespec for argument "intr".
{}
In: :_glmnet:src/glmnet/_glmnet/glmnet5.f:spstandard
vars2fortran: No typespec for argument "ym".
{}
In: :_glmnet:src/glmnet/_glmnet/glmnet5.f:spstandard
vars2fortran: No typespec for argument "ys".
{}
In: :_glmnet:src/glmnet/_glmnet/glmnet5.f:spstandard
vars2fortran: No typespec for argument "jerr".
			Block: spstandard
{}
In: :_glmnet:src/glmnet/_glmnet/glmnet5.f:spelnet1
vars2fortran: No typespec for argument "beta".
{}
In: :_glmnet:src/glmnet/_glmnet/glmnet5.f:spelnet1
vars2fortran: No typespec for argument "ni".
{}
In: :_glmnet:src/glmnet/_glmnet/glmnet5.f:spelnet1
vars2fortran: No typespec for argument "no".
{}
In: :_glmnet:src/glmnet/_glmnet/glmnet5.f:spelnet1
vars2fortran: No typespec for argument "ne".
{}
In: :_glmnet:src/glmnet/_glmnet/glmnet5.f:spelnet1
vars2fortran: No typespec for argument "nx".
{}
In: :_glmnet:src/glmnet/_glmnet/glmnet5.f:spelnet1
vars2fortran: No typespec for argument "nlam".
{}
In: :_glmnet:src/glmnet/_glmnet/glmnet5.f:spelnet1
vars2fortran: No typespec for argument "flmin".
{}
In: :_glmnet:src/glmnet/_glmnet/glmnet5.f:spelnet1
vars2fortran: No typespec for argument "thr".
{}
In: :_glmnet:src/glmnet/_glmnet/glmnet5.f:spelnet1
vars2fortran: No typespec for argument "maxit".
{}
In: :_glmnet:src/glmnet/_glmnet/glmnet5.f:spelnet1
vars2fortran: No typespec for argument "lmu".
{}
In: :_glmnet:src/glmnet/_glmnet/glmnet5.f:spelnet1
vars2fortran: No typespec for argument "nlp".
{}
In: :_glmnet:src/glmnet/_glmnet/glmnet5.f:spelnet1
vars2fortran: No typespec for argument "jerr".
			Block: spelnet1
{}
In: :_glmnet:src/glmnet/_glmnet/glmnet5.f:spelnetn
vars2fortran: No typespec for argument "parm".
{}
In: :_glmnet:src/glmnet/_glmnet/glmnet5.f:spelnetn
vars2fortran: No typespec for argument "no".
{}
In: :_glmnet:src/glmnet/_glmnet/glmnet5.f:spelnetn
vars2fortran: No typespec for argument "ni".
{}
In: :_glmnet:src/glmnet/_glmnet/glmnet5.f:spelnetn
vars2fortran: No typespec for argument "ne".
{}
In: :_glmnet:src/glmnet/_glmnet/glmnet5.f:spelnetn
vars2fortran: No typespec for argument "nx".
{}
In: :_glmnet:src/glmnet/_glmnet/glmnet5.f:spelnetn
vars2fortran: No typespec for argument "nlam".
{}
In: :_glmnet:src/glmnet/_glmnet/glmnet5.f:spelnetn
vars2fortran: No typespec for argument "flmin".
{}
In: :_glmnet:src/glmnet/_glmnet/glmnet5.f:spelnetn
vars2fortran: No typespec for argument "thr".
{}
In: :_glmnet:src/glmnet/_glmnet/glmnet5.f:spelnetn
vars2fortran: No typespec for argument "isd".
{}
In: :_glmnet:src/glmnet/_glmnet/glmnet5.f:spelnetn
vars2fortran: No typespec for argument "intr".
{}
In: :_glmnet:src/glmnet/_glmnet/glmnet5.f:spelnetn
vars2fortran: No typespec for argument "maxit".
{}
In: :_glmnet:src/glmnet/_glmnet/glmnet5.f:spelnetn
vars2fortran: No typespec for argument "lmu".
{}
In: :_glmnet:src/glmnet/_glmnet/glmnet5.f:spelnetn
vars2fortran: No typespec for argument "nlp".
{}
In: :_glmnet:src/glmnet/_glmnet/glmnet5.f:spelnetn
vars2fortran: No typespec for argument "jerr".
			Block: spelnetn
{}
In: :_glmnet:src/glmnet/_glmnet/glmnet5.f:spstandard1
vars2fortran: No typespec for argument "no".
{}
In: :_glmnet:src/glmnet/_glmnet/glmnet5.f:spstandard1
vars2fortran: No typespec for argument "ni".
{}
In: :_glmnet:src/glmnet/_glmnet/glmnet5.f:spstandard1
vars2fortran: No typespec for argument "isd".
{}
In: :_glmnet:src/glmnet/_glmnet/glmnet5.f:spstandard1
vars2fortran: No typespec for argument "intr".
{}
In: :_glmnet:src/glmnet/_glmnet/glmnet5.f:spstandard1
vars2fortran: No typespec for argument "ym".
{}
In: :_glmnet:src/glmnet/_glmnet/glmnet5.f:spstandard1
vars2fortran: No typespec for argument "ys".
{}
In: :_glmnet:src/glmnet/_glmnet/glmnet5.f:spstandard1
vars2fortran: No typespec for argument "jerr".
			Block: spstandard1
{}
In: :_glmnet:src/glmnet/_glmnet/glmnet5.f:spelnet2
vars2fortran: No typespec for argument "beta".
{}
In: :_glmnet:src/glmnet/_glmnet/glmnet5.f:spelnet2
vars2fortran: No typespec for argument "ni".
{}
In: :_glmnet:src/glmnet/_glmnet/glmnet5.f:spelnet2
vars2fortran: No typespec for argument "no".
{}
In: :_glmnet:src/glmnet/_glmnet/glmnet5.f:spelnet2
vars2fortran: No typespec for argument "ne".
{}
In: :_glmnet:src/glmnet/_glmnet/glmnet5.f:spelnet2
vars2fortran: No typespec for argument "nx".
{}
In: :_glmnet:src/glmnet/_glmnet/glmnet5.f:spelnet2
vars2fortran: No typespec for argument "nlam".
{}
In: :_glmnet:src/glmnet/_glmnet/glmnet5.f:spelnet2
vars2fortran: No typespec for argument "flmin".
{}
In: :_glmnet:src/glmnet/_glmnet/glmnet5.f:spelnet2
vars2fortran: No typespec for argument "thr".
{}
In: :_glmnet:src/glmnet/_glmnet/glmnet5.f:spelnet2
vars2fortran: No typespec for argument "maxit".
{}
In: :_glmnet:src/glmnet/_glmnet/glmnet5.f:spelnet2
vars2fortran: No typespec for argument "lmu".
{}
In: :_glmnet:src/glmnet/_glmnet/glmnet5.f:spelnet2
vars2fortran: No typespec for argument "nlp".
{}
In: :_glmnet:src/glmnet/_glmnet/glmnet5.f:spelnet2
vars2fortran: No typespec for argument "jerr".
			Block: spelnet2
{}
In: :_glmnet:src/glmnet/_glmnet/glmnet5.f:spchkvars
vars2fortran: No typespec for argument "no".
{}
In: :_glmnet:src/glmnet/_glmnet/glmnet5.f:spchkvars
vars2fortran: No typespec for argument "ni".
			Block: spchkvars
{}
In: :_glmnet:src/glmnet/_glmnet/glmnet5.f:cmodval
vars2fortran: No typespec for argument "a0".
{}
In: :_glmnet:src/glmnet/_glmnet/glmnet5.f:cmodval
vars2fortran: No typespec for argument "nin".
{}
In: :_glmnet:src/glmnet/_glmnet/glmnet5.f:cmodval
vars2fortran: No typespec for argument "n".
			Block: cmodval
{}
In: :_glmnet:src/glmnet/_glmnet/glmnet5.f:row_prod
vars2fortran: No typespec for argument "i".
{}
In: :_glmnet:src/glmnet/_glmnet/glmnet5.f:row_prod
vars2fortran: No typespec for argument "j".
			Block: row_prod
{}
In: :_glmnet:src/glmnet/_glmnet/glmnet5.f:dot
vars2fortran: No typespec for argument "nx".
{}
In: :_glmnet:src/glmnet/_glmnet/glmnet5.f:dot
vars2fortran: No typespec for argument "ny".
			Block: dot
{}
In: :_glmnet:src/glmnet/_glmnet/glmnet5.f:lognet
vars2fortran: No typespec for argument "parm".
{}
In: :_glmnet:src/glmnet/_glmnet/glmnet5.f:lognet
vars2fortran: No typespec for argument "no".
{}
In: :_glmnet:src/glmnet/_glmnet/glmnet5.f:lognet
vars2fortran: No typespec for argument "ni".
{}
In: :_glmnet:src/glmnet/_glmnet/glmnet5.f:lognet
vars2fortran: No typespec for argument "nc".
{}
In: :_glmnet:src/glmnet/_glmnet/glmnet5.f:lognet
vars2fortran: No typespec for argument "ne".
{}
In: :_glmnet:src/glmnet/_glmnet/glmnet5.f:lognet
vars2fortran: No typespec for argument "nx".
{}
In: :_glmnet:src/glmnet/_glmnet/glmnet5.f:lognet
vars2fortran: No typespec for argument "nlam".
{}
In: :_glmnet:src/glmnet/_glmnet/glmnet5.f:lognet
vars2fortran: No typespec for argument "flmin".
{}
In: :_glmnet:src/glmnet/_glmnet/glmnet5.f:lognet
vars2fortran: No typespec for argument "thr".
{}
In: :_glmnet:src/glmnet/_glmnet/glmnet5.f:lognet
vars2fortran: No typespec for argument "isd".
{}
In: :_glmnet:src/glmnet/_glmnet/glmnet5.f:lognet
vars2fortran: No typespec for argument "intr".
{}
In: :_glmnet:src/glmnet/_glmnet/glmnet5.f:lognet
vars2fortran: No typespec for argument "maxit".
{}
In: :_glmnet:src/glmnet/_glmnet/glmnet5.f:lognet
vars2fortran: No typespec for argument "kopt".
{}
In: :_glmnet:src/glmnet/_glmnet/glmnet5.f:lognet
vars2fortran: No typespec for argument "lmu".
{}
In: :_glmnet:src/glmnet/_glmnet/glmnet5.f:lognet
vars2fortran: No typespec for argument "dev0".
{}
In: :_glmnet:src/glmnet/_glmnet/glmnet5.f:lognet
vars2fortran: No typespec for argument "nlp".
{}
In: :_glmnet:src/glmnet/_glmnet/glmnet5.f:lognet
vars2fortran: No typespec for argument "jerr".
			Block: lognet
In: :_glmnet:src/glmnet/_glmnet/glmnet5.f:lognet
analyzevars: could not parse dimension for variable 'max(2,nc)'
{}
In: :_glmnet:src/glmnet/_glmnet/glmnet5.f:lstandard1
vars2fortran: No typespec for argument "no".
{}
In: :_glmnet:src/glmnet/_glmnet/glmnet5.f:lstandard1
vars2fortran: No typespec for argument "ni".
{}
In: :_glmnet:src/glmnet/_glmnet/glmnet5.f:lstandard1
vars2fortran: No typespec for argument "isd".
{}
In: :_glmnet:src/glmnet/_glmnet/glmnet5.f:lstandard1
vars2fortran: No typespec for argument "intr".
			Block: lstandard1
{}
In: :_glmnet:src/glmnet/_glmnet/glmnet5.f:multlstandard1
vars2fortran: No typespec for argument "no".
{}
In: :_glmnet:src/glmnet/_glmnet/glmnet5.f:multlstandard1
vars2fortran: No typespec for argument "ni".
{}
In: :_glmnet:src/glmnet/_glmnet/glmnet5.f:multlstandard1
vars2fortran: No typespec for argument "isd".
{}
In: :_glmnet:src/glmnet/_glmnet/glmnet5.f:multlstandard1
vars2fortran: No typespec for argument "intr".
			Block: multlstandard1
{}
In: :_glmnet:src/glmnet/_glmnet/glmnet5.f:lognet2n
vars2fortran: No typespec for argument "parm".
{}
In: :_glmnet:src/glmnet/_glmnet/glmnet5.f:lognet2n
vars2fortran: No typespec for argument "no".
{}
In: :_glmnet:src/glmnet/_glmnet/glmnet5.f:lognet2n
vars2fortran: No typespec for argument "ni".
{}
In: :_glmnet:src/glmnet/_glmnet/glmnet5.f:lognet2n
vars2fortran: No typespec for argument "ne".
{}
In: :_glmnet:src/glmnet/_glmnet/glmnet5.f:lognet2n
vars2fortran: No typespec for argument "nx".
{}
In: :_glmnet:src/glmnet/_glmnet/glmnet5.f:lognet2n
vars2fortran: No typespec for argument "nlam".
{}
In: :_glmnet:src/glmnet/_glmnet/glmnet5.f:lognet2n
vars2fortran: No typespec for argument "flmin".
{}
In: :_glmnet:src/glmnet/_glmnet/glmnet5.f:lognet2n
vars2fortran: No typespec for argument "shri".
{}
In: :_glmnet:src/glmnet/_glmnet/glmnet5.f:lognet2n
vars2fortran: No typespec for argument "isd".
{}
In: :_glmnet:src/glmnet/_glmnet/glmnet5.f:lognet2n
vars2fortran: No typespec for argument "intr".
{}
In: :_glmnet:src/glmnet/_glmnet/glmnet5.f:lognet2n
vars2fortran: No typespec for argument "maxit".
{}
In: :_glmnet:src/glmnet/_glmnet/glmnet5.f:lognet2n
vars2fortran: No typespec for argument "kopt".
{}
In: :_glmnet:src/glmnet/_glmnet/glmnet5.f:lognet2n
vars2fortran: No typespec for argument "lmu".
{}
In: :_glmnet:src/glmnet/_glmnet/glmnet5.f:lognet2n
vars2fortran: No typespec for argument "dev0".
{}
In: :_glmnet:src/glmnet/_glmnet/glmnet5.f:lognet2n
vars2fortran: No typespec for argument "nlp".
{}
In: :_glmnet:src/glmnet/_glmnet/glmnet5.f:lognet2n
vars2fortran: No typespec for argument "jerr".
			Block: lognet2n
{}
In: :_glmnet:src/glmnet/_glmnet/glmnet5.f:dev2
vars2fortran: No typespec for argument "n".
{}
In: :_glmnet:src/glmnet/_glmnet/glmnet5.f:dev2
vars2fortran: No typespec for argument "pmin".
			Block: dev2
{}
In: :_glmnet:src/glmnet/_glmnet/glmnet5.f:azero
vars2fortran: No typespec for argument "n".
{}
In: :_glmnet:src/glmnet/_glmnet/glmnet5.f:azero
vars2fortran: No typespec for argument "jerr".
			Block: azero
In: :_glmnet:src/glmnet/_glmnet/glmnet5.f:azero
param_eval: got "eval() arg 1 must be a string, bytes or code object" on 4
{}
In: :_glmnet:src/glmnet/_glmnet/glmnet5.f:lognetn
vars2fortran: No typespec for argument "parm".
{}
In: :_glmnet:src/glmnet/_glmnet/glmnet5.f:lognetn
vars2fortran: No typespec for argument "no".
{}
In: :_glmnet:src/glmnet/_glmnet/glmnet5.f:lognetn
vars2fortran: No typespec for argument "ni".
{}
In: :_glmnet:src/glmnet/_glmnet/glmnet5.f:lognetn
vars2fortran: No typespec for argument "nc".
{}
In: :_glmnet:src/glmnet/_glmnet/glmnet5.f:lognetn
vars2fortran: No typespec for argument "ne".
{}
In: :_glmnet:src/glmnet/_glmnet/glmnet5.f:lognetn
vars2fortran: No typespec for argument "nx".
{}
In: :_glmnet:src/glmnet/_glmnet/glmnet5.f:lognetn
vars2fortran: No typespec for argument "nlam".
{}
In: :_glmnet:src/glmnet/_glmnet/glmnet5.f:lognetn
vars2fortran: No typespec for argument "flmin".
{}
In: :_glmnet:src/glmnet/_glmnet/glmnet5.f:lognetn
vars2fortran: No typespec for argument "shri".
{}
In: :_glmnet:src/glmnet/_glmnet/glmnet5.f:lognetn
vars2fortran: No typespec for argument "isd".
{}
In: :_glmnet:src/glmnet/_glmnet/glmnet5.f:lognetn
vars2fortran: No typespec for argument "intr".
{}
In: :_glmnet:src/glmnet/_glmnet/glmnet5.f:lognetn
vars2fortran: No typespec for argument "maxit".
{}
In: :_glmnet:src/glmnet/_glmnet/glmnet5.f:lognetn
vars2fortran: No typespec for argument "kopt".
{}
In: :_glmnet:src/glmnet/_glmnet/glmnet5.f:lognetn
vars2fortran: No typespec for argument "lmu".
{}
In: :_glmnet:src/glmnet/_glmnet/glmnet5.f:lognetn
vars2fortran: No typespec for argument "dev0".
{}
In: :_glmnet:src/glmnet/_glmnet/glmnet5.f:lognetn
vars2fortran: No typespec for argument "nlp".
{}
In: :_glmnet:src/glmnet/_glmnet/glmnet5.f:lognetn
vars2fortran: No typespec for argument "jerr".
			Block: lognetn
{}
In: :_glmnet:src/glmnet/_glmnet/glmnet5.f:kazero
vars2fortran: No typespec for argument "kk".
{}
In: :_glmnet:src/glmnet/_glmnet/glmnet5.f:kazero
vars2fortran: No typespec for argument "n".
{}
In: :_glmnet:src/glmnet/_glmnet/glmnet5.f:kazero
vars2fortran: No typespec for argument "jerr".
			Block: kazero
In: :_glmnet:src/glmnet/_glmnet/glmnet5.f:kazero
param_eval: got "eval() arg 1 must be a string, bytes or code object" on 4
{}
In: :_glmnet:src/glmnet/_glmnet/glmnet5.f:elc
vars2fortran: No typespec for argument "parm".
{}
In: :_glmnet:src/glmnet/_glmnet/glmnet5.f:elc
vars2fortran: No typespec for argument "n".
			Block: elc
{}
In: :_glmnet:src/glmnet/_glmnet/glmnet5.f:nintot
vars2fortran: No typespec for argument "ni".
{}
In: :_glmnet:src/glmnet/_glmnet/glmnet5.f:nintot
vars2fortran: No typespec for argument "nx".
{}
In: :_glmnet:src/glmnet/_glmnet/glmnet5.f:nintot
vars2fortran: No typespec for argument "nc".
{}
In: :_glmnet:src/glmnet/_glmnet/glmnet5.f:nintot
vars2fortran: No typespec for argument "nin".
			Block: nintot
{}
In: :_glmnet:src/glmnet/_glmnet/glmnet5.f:luncomp
vars2fortran: No typespec for argument "ni".
{}
In: :_glmnet:src/glmnet/_glmnet/glmnet5.f:luncomp
vars2fortran: No typespec for argument "nx".
{}
In: :_glmnet:src/glmnet/_glmnet/glmnet5.f:luncomp
vars2fortran: No typespec for argument "nc".
{}
In: :_glmnet:src/glmnet/_glmnet/glmnet5.f:luncomp
vars2fortran: No typespec for argument "nin".
			Block: luncomp
{}
In: :_glmnet:src/glmnet/_glmnet/glmnet5.f:lmodval
vars2fortran: No typespec for argument "nt".
{}
In: :_glmnet:src/glmnet/_glmnet/glmnet5.f:lmodval
vars2fortran: No typespec for argument "nc".
{}
In: :_glmnet:src/glmnet/_glmnet/glmnet5.f:lmodval
vars2fortran: No typespec for argument "nx".
{}
In: :_glmnet:src/glmnet/_glmnet/glmnet5.f:lmodval
vars2fortran: No typespec for argument "nin".
			Block: lmodval
{}
In: :_glmnet:src/glmnet/_glmnet/glmnet5.f:splognet
vars2fortran: No typespec for argument "parm".
{}
In: :_glmnet:src/glmnet/_glmnet/glmnet5.f:splognet
vars2fortran: No typespec for argument "no".
{}
In: :_glmnet:src/glmnet/_glmnet/glmnet5.f:splognet
vars2fortran: No typespec for argument "ni".
{}
In: :_glmnet:src/glmnet/_glmnet/glmnet5.f:splognet
vars2fortran: No typespec for argument "nc".
{}
In: :_glmnet:src/glmnet/_glmnet/glmnet5.f:splognet
vars2fortran: No typespec for argument "ne".
{}
In: :_glmnet:src/glmnet/_glmnet/glmnet5.f:splognet
vars2fortran: No typespec for argument "nx".
{}
In: :_glmnet:src/glmnet/_glmnet/glmnet5.f:splognet
vars2fortran: No typespec for argument "nlam".
{}
In: :_glmnet:src/glmnet/_glmnet/glmnet5.f:splognet
vars2fortran: No typespec for argument "flmin".
{}
In: :_glmnet:src/glmnet/_glmnet/glmnet5.f:splognet
vars2fortran: No typespec for argument "thr".
{}
In: :_glmnet:src/glmnet/_glmnet/glmnet5.f:splognet
vars2fortran: No typespec for argument "isd".
{}
In: :_glmnet:src/glmnet/_glmnet/glmnet5.f:splognet
vars2fortran: No typespec for argument "intr".
{}
In: :_glmnet:src/glmnet/_glmnet/glmnet5.f:splognet
vars2fortran: No typespec for argument "maxit".
{}
In: :_glmnet:src/glmnet/_glmnet/glmnet5.f:splognet
vars2fortran: No typespec for argument "kopt".
{}
In: :_glmnet:src/glmnet/_glmnet/glmnet5.f:splognet
vars2fortran: No typespec for argument "lmu".
{}
In: :_glmnet:src/glmnet/_glmnet/glmnet5.f:splognet
vars2fortran: No typespec for argument "dev0".
{}
In: :_glmnet:src/glmnet/_glmnet/glmnet5.f:splognet
vars2fortran: No typespec for argument "nlp".
{}
In: :_glmnet:src/glmnet/_glmnet/glmnet5.f:splognet
vars2fortran: No typespec for argument "jerr".
			Block: splognet
In: :_glmnet:src/glmnet/_glmnet/glmnet5.f:splognet
analyzevars: could not parse dimension for variable 'max(2,nc)'
{}
In: :_glmnet:src/glmnet/_glmnet/glmnet5.f:multsplstandard2
vars2fortran: No typespec for argument "no".
{}
In: :_glmnet:src/glmnet/_glmnet/glmnet5.f:multsplstandard2
vars2fortran: No typespec for argument "ni".
{}
In: :_glmnet:src/glmnet/_glmnet/glmnet5.f:multsplstandard2
vars2fortran: No typespec for argument "isd".
{}
In: :_glmnet:src/glmnet/_glmnet/glmnet5.f:multsplstandard2
vars2fortran: No typespec for argument "intr".
			Block: multsplstandard2
{}
In: :_glmnet:src/glmnet/_glmnet/glmnet5.f:splstandard2
vars2fortran: No typespec for argument "no".
{}
In: :_glmnet:src/glmnet/_glmnet/glmnet5.f:splstandard2
vars2fortran: No typespec for argument "ni".
{}
In: :_glmnet:src/glmnet/_glmnet/glmnet5.f:splstandard2
vars2fortran: No typespec for argument "isd".
{}
In: :_glmnet:src/glmnet/_glmnet/glmnet5.f:splstandard2
vars2fortran: No typespec for argument "intr".
			Block: splstandard2
{}
In: :_glmnet:src/glmnet/_glmnet/glmnet5.f:sprlognet2n
vars2fortran: No typespec for argument "parm".
{}
In: :_glmnet:src/glmnet/_glmnet/glmnet5.f:sprlognet2n
vars2fortran: No typespec for argument "no".
{}
In: :_glmnet:src/glmnet/_glmnet/glmnet5.f:sprlognet2n
vars2fortran: No typespec for argument "ni".
{}
In: :_glmnet:src/glmnet/_glmnet/glmnet5.f:sprlognet2n
vars2fortran: No typespec for argument "ne".
{}
In: :_glmnet:src/glmnet/_glmnet/glmnet5.f:sprlognet2n
vars2fortran: No typespec for argument "nx".
{}
In: :_glmnet:src/glmnet/_glmnet/glmnet5.f:sprlognet2n
vars2fortran: No typespec for argument "nlam".
{}
In: :_glmnet:src/glmnet/_glmnet/glmnet5.f:sprlognet2n
vars2fortran: No typespec for argument "flmin".
{}
In: :_glmnet:src/glmnet/_glmnet/glmnet5.f:sprlognet2n
vars2fortran: No typespec for argument "shri".
{}
In: :_glmnet:src/glmnet/_glmnet/glmnet5.f:sprlognet2n
vars2fortran: No typespec for argument "isd".
{}
In: :_glmnet:src/glmnet/_glmnet/glmnet5.f:sprlognet2n
vars2fortran: No typespec for argument "intr".
{}
In: :_glmnet:src/glmnet/_glmnet/glmnet5.f:sprlognet2n
vars2fortran: No typespec for argument "maxit".
{}
In: :_glmnet:src/glmnet/_glmnet/glmnet5.f:sprlognet2n
vars2fortran: No typespec for argument "kopt".
{}
In: :_glmnet:src/glmnet/_glmnet/glmnet5.f:sprlognet2n
vars2fortran: No typespec for argument "lmu".
{}
In: :_glmnet:src/glmnet/_glmnet/glmnet5.f:sprlognet2n
vars2fortran: No typespec for argument "dev0".
{}
In: :_glmnet:src/glmnet/_glmnet/glmnet5.f:sprlognet2n
vars2fortran: No typespec for argument "nlp".
{}
In: :_glmnet:src/glmnet/_glmnet/glmnet5.f:sprlognet2n
vars2fortran: No typespec for argument "jerr".
			Block: sprlognet2n
{}
In: :_glmnet:src/glmnet/_glmnet/glmnet5.f:sprlognetn
vars2fortran: No typespec for argument "parm".
{}
In: :_glmnet:src/glmnet/_glmnet/glmnet5.f:sprlognetn
vars2fortran: No typespec for argument "no".
{}
In: :_glmnet:src/glmnet/_glmnet/glmnet5.f:sprlognetn
vars2fortran: No typespec for argument "ni".
{}
In: :_glmnet:src/glmnet/_glmnet/glmnet5.f:sprlognetn
vars2fortran: No typespec for argument "nc".
{}
In: :_glmnet:src/glmnet/_glmnet/glmnet5.f:sprlognetn
vars2fortran: No typespec for argument "ne".
{}
In: :_glmnet:src/glmnet/_glmnet/glmnet5.f:sprlognetn
vars2fortran: No typespec for argument "nx".
{}
In: :_glmnet:src/glmnet/_glmnet/glmnet5.f:sprlognetn
vars2fortran: No typespec for argument "nlam".
{}
In: :_glmnet:src/glmnet/_glmnet/glmnet5.f:sprlognetn
vars2fortran: No typespec for argument "flmin".
{}
In: :_glmnet:src/glmnet/_glmnet/glmnet5.f:sprlognetn
vars2fortran: No typespec for argument "shri".
{}
In: :_glmnet:src/glmnet/_glmnet/glmnet5.f:sprlognetn
vars2fortran: No typespec for argument "isd".
{}
In: :_glmnet:src/glmnet/_glmnet/glmnet5.f:sprlognetn
vars2fortran: No typespec for argument "intr".
{}
In: :_glmnet:src/glmnet/_glmnet/glmnet5.f:sprlognetn
vars2fortran: No typespec for argument "maxit".
{}
In: :_glmnet:src/glmnet/_glmnet/glmnet5.f:sprlognetn
vars2fortran: No typespec for argument "kopt".
{}
In: :_glmnet:src/glmnet/_glmnet/glmnet5.f:sprlognetn
vars2fortran: No typespec for argument "lmu".
{}
In: :_glmnet:src/glmnet/_glmnet/glmnet5.f:sprlognetn
vars2fortran: No typespec for argument "dev0".
{}
In: :_glmnet:src/glmnet/_glmnet/glmnet5.f:sprlognetn
vars2fortran: No typespec for argument "nlp".
{}
In: :_glmnet:src/glmnet/_glmnet/glmnet5.f:sprlognetn
vars2fortran: No typespec for argument "jerr".
			Block: sprlognetn
{}
In: :_glmnet:src/glmnet/_glmnet/glmnet5.f:lcmodval
vars2fortran: No typespec for argument "nc".
{}
In: :_glmnet:src/glmnet/_glmnet/glmnet5.f:lcmodval
vars2fortran: No typespec for argument "nx".
{}
In: :_glmnet:src/glmnet/_glmnet/glmnet5.f:lcmodval
vars2fortran: No typespec for argument "nin".
{}
In: :_glmnet:src/glmnet/_glmnet/glmnet5.f:lcmodval
vars2fortran: No typespec for argument "n".
			Block: lcmodval
{}
In: :_glmnet:src/glmnet/_glmnet/glmnet5.f:coxnet
vars2fortran: No typespec for argument "parm".
{}
In: :_glmnet:src/glmnet/_glmnet/glmnet5.f:coxnet
vars2fortran: No typespec for argument "no".
{}
In: :_glmnet:src/glmnet/_glmnet/glmnet5.f:coxnet
vars2fortran: No typespec for argument "ni".
{}
In: :_glmnet:src/glmnet/_glmnet/glmnet5.f:coxnet
vars2fortran: No typespec for argument "ne".
{}
In: :_glmnet:src/glmnet/_glmnet/glmnet5.f:coxnet
vars2fortran: No typespec for argument "nx".
{}
In: :_glmnet:src/glmnet/_glmnet/glmnet5.f:coxnet
vars2fortran: No typespec for argument "nlam".
{}
In: :_glmnet:src/glmnet/_glmnet/glmnet5.f:coxnet
vars2fortran: No typespec for argument "flmin".
{}
In: :_glmnet:src/glmnet/_glmnet/glmnet5.f:coxnet
vars2fortran: No typespec for argument "thr".
{}
In: :_glmnet:src/glmnet/_glmnet/glmnet5.f:coxnet
vars2fortran: No typespec for argument "maxit".
{}
In: :_glmnet:src/glmnet/_glmnet/glmnet5.f:coxnet
vars2fortran: No typespec for argument "isd".
{}
In: :_glmnet:src/glmnet/_glmnet/glmnet5.f:coxnet
vars2fortran: No typespec for argument "lmu".
{}
In: :_glmnet:src/glmnet/_glmnet/glmnet5.f:coxnet
vars2fortran: No typespec for argument "dev0".
{}
In: :_glmnet:src/glmnet/_glmnet/glmnet5.f:coxnet
vars2fortran: No typespec for argument "nlp".
{}
In: :_glmnet:src/glmnet/_glmnet/glmnet5.f:coxnet
vars2fortran: No typespec for argument "jerr".
			Block: coxnet
{}
In: :_glmnet:src/glmnet/_glmnet/glmnet5.f:cstandard
vars2fortran: No typespec for argument "no".
{}
In: :_glmnet:src/glmnet/_glmnet/glmnet5.f:cstandard
vars2fortran: No typespec for argument "ni".
{}
In: :_glmnet:src/glmnet/_glmnet/glmnet5.f:cstandard
vars2fortran: No typespec for argument "isd".
			Block: cstandard
{}
In: :_glmnet:src/glmnet/_glmnet/glmnet5.f:coxnet1
vars2fortran: No typespec for argument "parm".
{}
In: :_glmnet:src/glmnet/_glmnet/glmnet5.f:coxnet1
vars2fortran: No typespec for argument "no".
{}
In: :_glmnet:src/glmnet/_glmnet/glmnet5.f:coxnet1
vars2fortran: No typespec for argument "ni".
{}
In: :_glmnet:src/glmnet/_glmnet/glmnet5.f:coxnet1
vars2fortran: No typespec for argument "ne".
{}
In: :_glmnet:src/glmnet/_glmnet/glmnet5.f:coxnet1
vars2fortran: No typespec for argument "nx".
{}
In: :_glmnet:src/glmnet/_glmnet/glmnet5.f:coxnet1
vars2fortran: No typespec for argument "nlam".
{}
In: :_glmnet:src/glmnet/_glmnet/glmnet5.f:coxnet1
vars2fortran: No typespec for argument "flmin".
{}
In: :_glmnet:src/glmnet/_glmnet/glmnet5.f:coxnet1
vars2fortran: No typespec for argument "cthri".
{}
In: :_glmnet:src/glmnet/_glmnet/glmnet5.f:coxnet1
vars2fortran: No typespec for argument "isd".
{}
In: :_glmnet:src/glmnet/_glmnet/glmnet5.f:coxnet1
vars2fortran: No typespec for argument "maxit".
{}
In: :_glmnet:src/glmnet/_glmnet/glmnet5.f:coxnet1
vars2fortran: No typespec for argument "lmu".
{}
In: :_glmnet:src/glmnet/_glmnet/glmnet5.f:coxnet1
vars2fortran: No typespec for argument "dev0".
{}
In: :_glmnet:src/glmnet/_glmnet/glmnet5.f:coxnet1
vars2fortran: No typespec for argument "nlp".
{}
In: :_glmnet:src/glmnet/_glmnet/glmnet5.f:coxnet1
vars2fortran: No typespec for argument "jerr".
			Block: coxnet1
{}
In: :_glmnet:src/glmnet/_glmnet/glmnet5.f:cxmodval
vars2fortran: No typespec for argument "nin".
{}
In: :_glmnet:src/glmnet/_glmnet/glmnet5.f:cxmodval
vars2fortran: No typespec for argument "n".
			Block: cxmodval
{}
In: :_glmnet:src/glmnet/_glmnet/glmnet5.f:groups
vars2fortran: No typespec for argument "no".
{}
In: :_glmnet:src/glmnet/_glmnet/glmnet5.f:groups
vars2fortran: No typespec for argument "nk".
{}
In: :_glmnet:src/glmnet/_glmnet/glmnet5.f:groups
vars2fortran: No typespec for argument "t0".
{}
In: :_glmnet:src/glmnet/_glmnet/glmnet5.f:groups
vars2fortran: No typespec for argument "jerr".
			Block: groups
{}
In: :_glmnet:src/glmnet/_glmnet/glmnet5.f:outer
vars2fortran: No typespec for argument "no".
{}
In: :_glmnet:src/glmnet/_glmnet/glmnet5.f:outer
vars2fortran: No typespec for argument "nk".
{}
In: :_glmnet:src/glmnet/_glmnet/glmnet5.f:outer
vars2fortran: No typespec for argument "jerr".
			Block: outer
{}
In: :_glmnet:src/glmnet/_glmnet/glmnet5.f:vars
vars2fortran: No typespec for argument "no".
{}
In: :_glmnet:src/glmnet/_glmnet/glmnet5.f:vars
vars2fortran: No typespec for argument "ni".
			Block: vars
{}
In: :_glmnet:src/glmnet/_glmnet/glmnet5.f:died
vars2fortran: No typespec for argument "no".
{}
In: :_glmnet:src/glmnet/_glmnet/glmnet5.f:died
vars2fortran: No typespec for argument "nk".
			Block: died
{}
In: :_glmnet:src/glmnet/_glmnet/glmnet5.f:usk
vars2fortran: No typespec for argument "no".
{}
In: :_glmnet:src/glmnet/_glmnet/glmnet5.f:usk
vars2fortran: No typespec for argument "nk".
			Block: usk
{}
In: :_glmnet:src/glmnet/_glmnet/glmnet5.f:risk
vars2fortran: No typespec for argument "no".
{}
In: :_glmnet:src/glmnet/_glmnet/glmnet5.f:risk
vars2fortran: No typespec for argument "ni".
{}
In: :_glmnet:src/glmnet/_glmnet/glmnet5.f:risk
vars2fortran: No typespec for argument "nk".
			Block: risk
{}
In: :_glmnet:src/glmnet/_glmnet/glmnet5.f:loglike
vars2fortran: No typespec for argument "no".
{}
In: :_glmnet:src/glmnet/_glmnet/glmnet5.f:loglike
vars2fortran: No typespec for argument "ni".
{}
In: :_glmnet:src/glmnet/_glmnet/glmnet5.f:loglike
vars2fortran: No typespec for argument "nlam".
{}
In: :_glmnet:src/glmnet/_glmnet/glmnet5.f:loglike
vars2fortran: No typespec for argument "jerr".
			Block: loglike
{}
In: :_glmnet:src/glmnet/_glmnet/glmnet5.f:fishnet
vars2fortran: No typespec for argument "parm".
{}
In: :_glmnet:src/glmnet/_glmnet/glmnet5.f:fishnet
vars2fortran: No typespec for argument "no".
{}
In: :_glmnet:src/glmnet/_glmnet/glmnet5.f:fishnet
vars2fortran: No typespec for argument "ni".
{}
In: :_glmnet:src/glmnet/_glmnet/glmnet5.f:fishnet
vars2fortran: No typespec for argument "ne".
{}
In: :_glmnet:src/glmnet/_glmnet/glmnet5.f:fishnet
vars2fortran: No typespec for argument "nx".
{}
In: :_glmnet:src/glmnet/_glmnet/glmnet5.f:fishnet
vars2fortran: No typespec for argument "nlam".
{}
In: :_glmnet:src/glmnet/_glmnet/glmnet5.f:fishnet
vars2fortran: No typespec for argument "flmin".
{}
In: :_glmnet:src/glmnet/_glmnet/glmnet5.f:fishnet
vars2fortran: No typespec for argument "thr".
{}
In: :_glmnet:src/glmnet/_glmnet/glmnet5.f:fishnet
vars2fortran: No typespec for argument "isd".
{}
In: :_glmnet:src/glmnet/_glmnet/glmnet5.f:fishnet
vars2fortran: No typespec for argument "intr".
{}
In: :_glmnet:src/glmnet/_glmnet/glmnet5.f:fishnet
vars2fortran: No typespec for argument "maxit".
{}
In: :_glmnet:src/glmnet/_glmnet/glmnet5.f:fishnet
vars2fortran: No typespec for argument "lmu".
{}
In: :_glmnet:src/glmnet/_glmnet/glmnet5.f:fishnet
vars2fortran: No typespec for argument "dev0".
{}
In: :_glmnet:src/glmnet/_glmnet/glmnet5.f:fishnet
vars2fortran: No typespec for argument "nlp".
{}
In: :_glmnet:src/glmnet/_glmnet/glmnet5.f:fishnet
vars2fortran: No typespec for argument "jerr".
			Block: fishnet
{}
In: :_glmnet:src/glmnet/_glmnet/glmnet5.f:fishnet1
vars2fortran: No typespec for argument "parm".
{}
In: :_glmnet:src/glmnet/_glmnet/glmnet5.f:fishnet1
vars2fortran: No typespec for argument "no".
{}
In: :_glmnet:src/glmnet/_glmnet/glmnet5.f:fishnet1
vars2fortran: No typespec for argument "ni".
{}
In: :_glmnet:src/glmnet/_glmnet/glmnet5.f:fishnet1
vars2fortran: No typespec for argument "ne".
{}
In: :_glmnet:src/glmnet/_glmnet/glmnet5.f:fishnet1
vars2fortran: No typespec for argument "nx".
{}
In: :_glmnet:src/glmnet/_glmnet/glmnet5.f:fishnet1
vars2fortran: No typespec for argument "nlam".
{}
In: :_glmnet:src/glmnet/_glmnet/glmnet5.f:fishnet1
vars2fortran: No typespec for argument "flmin".
{}
In: :_glmnet:src/glmnet/_glmnet/glmnet5.f:fishnet1
vars2fortran: No typespec for argument "shri".
{}
In: :_glmnet:src/glmnet/_glmnet/glmnet5.f:fishnet1
vars2fortran: No typespec for argument "isd".
{}
In: :_glmnet:src/glmnet/_glmnet/glmnet5.f:fishnet1
vars2fortran: No typespec for argument "intr".
{}
In: :_glmnet:src/glmnet/_glmnet/glmnet5.f:fishnet1
vars2fortran: No typespec for argument "maxit".
{}
In: :_glmnet:src/glmnet/_glmnet/glmnet5.f:fishnet1
vars2fortran: No typespec for argument "lmu".
{}
In: :_glmnet:src/glmnet/_glmnet/glmnet5.f:fishnet1
vars2fortran: No typespec for argument "dev0".
{}
In: :_glmnet:src/glmnet/_glmnet/glmnet5.f:fishnet1
vars2fortran: No typespec for argument "nlp".
{}
In: :_glmnet:src/glmnet/_glmnet/glmnet5.f:fishnet1
vars2fortran: No typespec for argument "jerr".
			Block: fishnet1
{}
In: :_glmnet:src/glmnet/_glmnet/glmnet5.f:nonzero
vars2fortran: No typespec for argument "n".
			Block: nonzero
{}
In: :_glmnet:src/glmnet/_glmnet/glmnet5.f:solns
vars2fortran: No typespec for argument "ni".
{}
In: :_glmnet:src/glmnet/_glmnet/glmnet5.f:solns
vars2fortran: No typespec for argument "nx".
{}
In: :_glmnet:src/glmnet/_glmnet/glmnet5.f:solns
vars2fortran: No typespec for argument "lmu".
			Block: solns
{}
In: :_glmnet:src/glmnet/_glmnet/glmnet5.f:lsolns
vars2fortran: No typespec for argument "ni".
{}
In: :_glmnet:src/glmnet/_glmnet/glmnet5.f:lsolns
vars2fortran: No typespec for argument "nx".
{}
In: :_glmnet:src/glmnet/_glmnet/glmnet5.f:lsolns
vars2fortran: No typespec for argument "nc".
{}
In: :_glmnet:src/glmnet/_glmnet/glmnet5.f:lsolns
vars2fortran: No typespec for argument "lmu".
			Block: lsolns
{}
In: :_glmnet:src/glmnet/_glmnet/glmnet5.f:deviance
vars2fortran: No typespec for argument "no".
{}
In: :_glmnet:src/glmnet/_glmnet/glmnet5.f:deviance
vars2fortran: No typespec for argument "ni".
{}
In: :_glmnet:src/glmnet/_glmnet/glmnet5.f:deviance
vars2fortran: No typespec for argument "nlam".
{}
In: :_glmnet:src/glmnet/_glmnet/glmnet5.f:deviance
vars2fortran: No typespec for argument "jerr".
			Block: deviance
{}
In: :_glmnet:src/glmnet/_glmnet/glmnet5.f:spfishnet
vars2fortran: No typespec for argument "parm".
{}
In: :_glmnet:src/glmnet/_glmnet/glmnet5.f:spfishnet
vars2fortran: No typespec for argument "no".
{}
In: :_glmnet:src/glmnet/_glmnet/glmnet5.f:spfishnet
vars2fortran: No typespec for argument "ni".
{}
In: :_glmnet:src/glmnet/_glmnet/glmnet5.f:spfishnet
vars2fortran: No typespec for argument "ne".
{}
In: :_glmnet:src/glmnet/_glmnet/glmnet5.f:spfishnet
vars2fortran: No typespec for argument "nx".
{}
In: :_glmnet:src/glmnet/_glmnet/glmnet5.f:spfishnet
vars2fortran: No typespec for argument "nlam".
{}
In: :_glmnet:src/glmnet/_glmnet/glmnet5.f:spfishnet
vars2fortran: No typespec for argument "flmin".
{}
In: :_glmnet:src/glmnet/_glmnet/glmnet5.f:spfishnet
vars2fortran: No typespec for argument "thr".
{}
In: :_glmnet:src/glmnet/_glmnet/glmnet5.f:spfishnet
vars2fortran: No typespec for argument "isd".
{}
In: :_glmnet:src/glmnet/_glmnet/glmnet5.f:spfishnet
vars2fortran: No typespec for argument "intr".
{}
In: :_glmnet:src/glmnet/_glmnet/glmnet5.f:spfishnet
vars2fortran: No typespec for argument "maxit".
{}
In: :_glmnet:src/glmnet/_glmnet/glmnet5.f:spfishnet
vars2fortran: No typespec for argument "lmu".
{}
In: :_glmnet:src/glmnet/_glmnet/glmnet5.f:spfishnet
vars2fortran: No typespec for argument "dev0".
{}
In: :_glmnet:src/glmnet/_glmnet/glmnet5.f:spfishnet
vars2fortran: No typespec for argument "nlp".
{}
In: :_glmnet:src/glmnet/_glmnet/glmnet5.f:spfishnet
vars2fortran: No typespec for argument "jerr".
			Block: spfishnet
{}
In: :_glmnet:src/glmnet/_glmnet/glmnet5.f:spfishnet1
vars2fortran: No typespec for argument "parm".
{}
In: :_glmnet:src/glmnet/_glmnet/glmnet5.f:spfishnet1
vars2fortran: No typespec for argument "no".
{}
In: :_glmnet:src/glmnet/_glmnet/glmnet5.f:spfishnet1
vars2fortran: No typespec for argument "ni".
{}
In: :_glmnet:src/glmnet/_glmnet/glmnet5.f:spfishnet1
vars2fortran: No typespec for argument "ne".
{}
In: :_glmnet:src/glmnet/_glmnet/glmnet5.f:spfishnet1
vars2fortran: No typespec for argument "nx".
{}
In: :_glmnet:src/glmnet/_glmnet/glmnet5.f:spfishnet1
vars2fortran: No typespec for argument "nlam".
{}
In: :_glmnet:src/glmnet/_glmnet/glmnet5.f:spfishnet1
vars2fortran: No typespec for argument "flmin".
{}
In: :_glmnet:src/glmnet/_glmnet/glmnet5.f:spfishnet1
vars2fortran: No typespec for argument "shri".
{}
In: :_glmnet:src/glmnet/_glmnet/glmnet5.f:spfishnet1
vars2fortran: No typespec for argument "isd".
{}
In: :_glmnet:src/glmnet/_glmnet/glmnet5.f:spfishnet1
vars2fortran: No typespec for argument "intr".
{}
In: :_glmnet:src/glmnet/_glmnet/glmnet5.f:spfishnet1
vars2fortran: No typespec for argument "maxit".
{}
In: :_glmnet:src/glmnet/_glmnet/glmnet5.f:spfishnet1
vars2fortran: No typespec for argument "lmu".
{}
In: :_glmnet:src/glmnet/_glmnet/glmnet5.f:spfishnet1
vars2fortran: No typespec for argument "dev0".
{}
In: :_glmnet:src/glmnet/_glmnet/glmnet5.f:spfishnet1
vars2fortran: No typespec for argument "nlp".
{}
In: :_glmnet:src/glmnet/_glmnet/glmnet5.f:spfishnet1
vars2fortran: No typespec for argument "jerr".
			Block: spfishnet1
{}
In: :_glmnet:src/glmnet/_glmnet/glmnet5.f:spdeviance
vars2fortran: No typespec for argument "no".
{}
In: :_glmnet:src/glmnet/_glmnet/glmnet5.f:spdeviance
vars2fortran: No typespec for argument "ni".
{}
In: :_glmnet:src/glmnet/_glmnet/glmnet5.f:spdeviance
vars2fortran: No typespec for argument "nlam".
{}
In: :_glmnet:src/glmnet/_glmnet/glmnet5.f:spdeviance
vars2fortran: No typespec for argument "jerr".
			Block: spdeviance
{}
In: :_glmnet:src/glmnet/_glmnet/glmnet5.f:cspdeviance
vars2fortran: No typespec for argument "no".
{}
In: :_glmnet:src/glmnet/_glmnet/glmnet5.f:cspdeviance
vars2fortran: No typespec for argument "nx".
{}
In: :_glmnet:src/glmnet/_glmnet/glmnet5.f:cspdeviance
vars2fortran: No typespec for argument "nlam".
{}
In: :_glmnet:src/glmnet/_glmnet/glmnet5.f:cspdeviance
vars2fortran: No typespec for argument "jerr".
			Block: cspdeviance
{}
In: :_glmnet:src/glmnet/_glmnet/glmnet5.f:multelnet
vars2fortran: No typespec for argument "parm".
{}
In: :_glmnet:src/glmnet/_glmnet/glmnet5.f:multelnet
vars2fortran: No typespec for argument "no".
{}
In: :_glmnet:src/glmnet/_glmnet/glmnet5.f:multelnet
vars2fortran: No typespec for argument "ni".
{}
In: :_glmnet:src/glmnet/_glmnet/glmnet5.f:multelnet
vars2fortran: No typespec for argument "nr".
{}
In: :_glmnet:src/glmnet/_glmnet/glmnet5.f:multelnet
vars2fortran: No typespec for argument "ne".
{}
In: :_glmnet:src/glmnet/_glmnet/glmnet5.f:multelnet
vars2fortran: No typespec for argument "nx".
{}
In: :_glmnet:src/glmnet/_glmnet/glmnet5.f:multelnet
vars2fortran: No typespec for argument "nlam".
{}
In: :_glmnet:src/glmnet/_glmnet/glmnet5.f:multelnet
vars2fortran: No typespec for argument "flmin".
{}
In: :_glmnet:src/glmnet/_glmnet/glmnet5.f:multelnet
vars2fortran: No typespec for argument "thr".
{}
In: :_glmnet:src/glmnet/_glmnet/glmnet5.f:multelnet
vars2fortran: No typespec for argument "isd".
{}
In: :_glmnet:src/glmnet/_glmnet/glmnet5.f:multelnet
vars2fortran: No typespec for argument "jsd".
{}
In: :_glmnet:src/glmnet/_glmnet/glmnet5.f:multelnet
vars2fortran: No typespec for argument "intr".
{}
In: :_glmnet:src/glmnet/_glmnet/glmnet5.f:multelnet
vars2fortran: No typespec for argument "maxit".
{}
In: :_glmnet:src/glmnet/_glmnet/glmnet5.f:multelnet
vars2fortran: No typespec for argument "lmu".
{}
In: :_glmnet:src/glmnet/_glmnet/glmnet5.f:multelnet
vars2fortran: No typespec for argument "nlp".
{}
In: :_glmnet:src/glmnet/_glmnet/glmnet5.f:multelnet
vars2fortran: No typespec for argument "jerr".
			Block: multelnet
{}
In: :_glmnet:src/glmnet/_glmnet/glmnet5.f:multelnetn
vars2fortran: No typespec for argument "parm".
{}
In: :_glmnet:src/glmnet/_glmnet/glmnet5.f:multelnetn
vars2fortran: No typespec for argument "no".
{}
In: :_glmnet:src/glmnet/_glmnet/glmnet5.f:multelnetn
vars2fortran: No typespec for argument "ni".
{}
In: :_glmnet:src/glmnet/_glmnet/glmnet5.f:multelnetn
vars2fortran: No typespec for argument "nr".
{}
In: :_glmnet:src/glmnet/_glmnet/glmnet5.f:multelnetn
vars2fortran: No typespec for argument "ne".
{}
In: :_glmnet:src/glmnet/_glmnet/glmnet5.f:multelnetn
vars2fortran: No typespec for argument "nx".
{}
In: :_glmnet:src/glmnet/_glmnet/glmnet5.f:multelnetn
vars2fortran: No typespec for argument "nlam".
{}
In: :_glmnet:src/glmnet/_glmnet/glmnet5.f:multelnetn
vars2fortran: No typespec for argument "flmin".
{}
In: :_glmnet:src/glmnet/_glmnet/glmnet5.f:multelnetn
vars2fortran: No typespec for argument "thr".
{}
In: :_glmnet:src/glmnet/_glmnet/glmnet5.f:multelnetn
vars2fortran: No typespec for argument "isd".
{}
In: :_glmnet:src/glmnet/_glmnet/glmnet5.f:multelnetn
vars2fortran: No typespec for argument "jsd".
{}
In: :_glmnet:src/glmnet/_glmnet/glmnet5.f:multelnetn
vars2fortran: No typespec for argument "intr".
{}
In: :_glmnet:src/glmnet/_glmnet/glmnet5.f:multelnetn
vars2fortran: No typespec for argument "maxit".
{}
In: :_glmnet:src/glmnet/_glmnet/glmnet5.f:multelnetn
vars2fortran: No typespec for argument "lmu".
{}
In: :_glmnet:src/glmnet/_glmnet/glmnet5.f:multelnetn
vars2fortran: No typespec for argument "nlp".
{}
In: :_glmnet:src/glmnet/_glmnet/glmnet5.f:multelnetn
vars2fortran: No typespec for argument "jerr".
			Block: multelnetn
{}
In: :_glmnet:src/glmnet/_glmnet/glmnet5.f:multstandard1
vars2fortran: No typespec for argument "no".
{}
In: :_glmnet:src/glmnet/_glmnet/glmnet5.f:multstandard1
vars2fortran: No typespec for argument "ni".
{}
In: :_glmnet:src/glmnet/_glmnet/glmnet5.f:multstandard1
vars2fortran: No typespec for argument "nr".
{}
In: :_glmnet:src/glmnet/_glmnet/glmnet5.f:multstandard1
vars2fortran: No typespec for argument "isd".
{}
In: :_glmnet:src/glmnet/_glmnet/glmnet5.f:multstandard1
vars2fortran: No typespec for argument "jsd".
{}
In: :_glmnet:src/glmnet/_glmnet/glmnet5.f:multstandard1
vars2fortran: No typespec for argument "intr".
{}
In: :_glmnet:src/glmnet/_glmnet/glmnet5.f:multstandard1
vars2fortran: No typespec for argument "ys0".
{}
In: :_glmnet:src/glmnet/_glmnet/glmnet5.f:multstandard1
vars2fortran: No typespec for argument "jerr".
			Block: multstandard1
{}
In: :_glmnet:src/glmnet/_glmnet/glmnet5.f:multelnet2
vars2fortran: No typespec for argument "beta".
{}
In: :_glmnet:src/glmnet/_glmnet/glmnet5.f:multelnet2
vars2fortran: No typespec for argument "ni".
{}
In: :_glmnet:src/glmnet/_glmnet/glmnet5.f:multelnet2
vars2fortran: No typespec for argument "nr".
{}
In: :_glmnet:src/glmnet/_glmnet/glmnet5.f:multelnet2
vars2fortran: No typespec for argument "no".
{}
In: :_glmnet:src/glmnet/_glmnet/glmnet5.f:multelnet2
vars2fortran: No typespec for argument "ne".
{}
In: :_glmnet:src/glmnet/_glmnet/glmnet5.f:multelnet2
vars2fortran: No typespec for argument "nx".
{}
In: :_glmnet:src/glmnet/_glmnet/glmnet5.f:multelnet2
vars2fortran: No typespec for argument "nlam".
{}
In: :_glmnet:src/glmnet/_glmnet/glmnet5.f:multelnet2
vars2fortran: No typespec for argument "flmin".
{}
In: :_glmnet:src/glmnet/_glmnet/glmnet5.f:multelnet2
vars2fortran: No typespec for argument "thri".
{}
In: :_glmnet:src/glmnet/_glmnet/glmnet5.f:multelnet2
vars2fortran: No typespec for argument "maxit".
{}
In: :_glmnet:src/glmnet/_glmnet/glmnet5.f:multelnet2
vars2fortran: No typespec for argument "ys0".
{}
In: :_glmnet:src/glmnet/_glmnet/glmnet5.f:multelnet2
vars2fortran: No typespec for argument "lmu".
{}
In: :_glmnet:src/glmnet/_glmnet/glmnet5.f:multelnet2
vars2fortran: No typespec for argument "nlp".
{}
In: :_glmnet:src/glmnet/_glmnet/glmnet5.f:multelnet2
vars2fortran: No typespec for argument "jerr".
			Block: multelnet2
{}
In: :_glmnet:src/glmnet/_glmnet/glmnet5.f:chkbnds
vars2fortran: No typespec for argument "nr".
{}
In: :_glmnet:src/glmnet/_glmnet/glmnet5.f:chkbnds
vars2fortran: No typespec for argument "gkn".
{}
In: :_glmnet:src/glmnet/_glmnet/glmnet5.f:chkbnds
vars2fortran: No typespec for argument "xv".
{}
In: :_glmnet:src/glmnet/_glmnet/glmnet5.f:chkbnds
vars2fortran: No typespec for argument "al1".
{}
In: :_glmnet:src/glmnet/_glmnet/glmnet5.f:chkbnds
vars2fortran: No typespec for argument "al2".
{}
In: :_glmnet:src/glmnet/_glmnet/glmnet5.f:chkbnds
vars2fortran: No typespec for argument "jerr".
			Block: chkbnds
{}
In: :_glmnet:src/glmnet/_glmnet/glmnet5.f:chkbnds1
vars2fortran: No typespec for argument "nr".
{}
In: :_glmnet:src/glmnet/_glmnet/glmnet5.f:chkbnds1
vars2fortran: No typespec for argument "gkn".
{}
In: :_glmnet:src/glmnet/_glmnet/glmnet5.f:chkbnds1
vars2fortran: No typespec for argument "xv".
{}
In: :_glmnet:src/glmnet/_glmnet/glmnet5.f:chkbnds1
vars2fortran: No typespec for argument "cl1".
{}
In: :_glmnet:src/glmnet/_glmnet/glmnet5.f:chkbnds1
vars2fortran: No typespec for argument "cl2".
{}
In: :_glmnet:src/glmnet/_glmnet/glmnet5.f:chkbnds1
vars2fortran: No typespec for argument "al1".
{}
In: :_glmnet:src/glmnet/_glmnet/glmnet5.f:chkbnds1
vars2fortran: No typespec for argument "al2".
{}
In: :_glmnet:src/glmnet/_glmnet/glmnet5.f:chkbnds1
vars2fortran: No typespec for argument "jerr".
			Block: chkbnds1
{}
In: :_glmnet:src/glmnet/_glmnet/glmnet5.f:bnorm
vars2fortran: No typespec for argument "b0".
{}
In: :_glmnet:src/glmnet/_glmnet/glmnet5.f:bnorm
vars2fortran: No typespec for argument "al1p".
{}
In: :_glmnet:src/glmnet/_glmnet/glmnet5.f:bnorm
vars2fortran: No typespec for argument "al2p".
{}
In: :_glmnet:src/glmnet/_glmnet/glmnet5.f:bnorm
vars2fortran: No typespec for argument "g".
{}
In: :_glmnet:src/glmnet/_glmnet/glmnet5.f:bnorm
vars2fortran: No typespec for argument "usq".
{}
In: :_glmnet:src/glmnet/_glmnet/glmnet5.f:bnorm
vars2fortran: No typespec for argument "jerr".
			Block: bnorm
{}
In: :_glmnet:src/glmnet/_glmnet/glmnet5.f:multsolns
vars2fortran: No typespec for argument "ni".
{}
In: :_glmnet:src/glmnet/_glmnet/glmnet5.f:multsolns
vars2fortran: No typespec for argument "nx".
{}
In: :_glmnet:src/glmnet/_glmnet/glmnet5.f:multsolns
vars2fortran: No typespec for argument "nr".
{}
In: :_glmnet:src/glmnet/_glmnet/glmnet5.f:multsolns
vars2fortran: No typespec for argument "lmu".
			Block: multsolns
{}
In: :_glmnet:src/glmnet/_glmnet/glmnet5.f:multuncomp
vars2fortran: No typespec for argument "ni".
{}
In: :_glmnet:src/glmnet/_glmnet/glmnet5.f:multuncomp
vars2fortran: No typespec for argument "nr".
{}
In: :_glmnet:src/glmnet/_glmnet/glmnet5.f:multuncomp
vars2fortran: No typespec for argument "nx".
{}
In: :_glmnet:src/glmnet/_glmnet/glmnet5.f:multuncomp
vars2fortran: No typespec for argument "nin".
			Block: multuncomp
{}
In: :_glmnet:src/glmnet/_glmnet/glmnet5.f:multmodval
vars2fortran: No typespec for argument "nx".
{}
In: :_glmnet:src/glmnet/_glmnet/glmnet5.f:multmodval
vars2fortran: No typespec for argument "nr".
{}
In: :_glmnet:src/glmnet/_glmnet/glmnet5.f:multmodval
vars2fortran: No typespec for argument "nin".
{}
In: :_glmnet:src/glmnet/_glmnet/glmnet5.f:multmodval
vars2fortran: No typespec for argument "n".
			Block: multmodval
{}
In: :_glmnet:src/glmnet/_glmnet/glmnet5.f:multspelnet
vars2fortran: No typespec for argument "parm".
{}
In: :_glmnet:src/glmnet/_glmnet/glmnet5.f:multspelnet
vars2fortran: No typespec for argument "no".
{}
In: :_glmnet:src/glmnet/_glmnet/glmnet5.f:multspelnet
vars2fortran: No typespec for argument "ni".
{}
In: :_glmnet:src/glmnet/_glmnet/glmnet5.f:multspelnet
vars2fortran: No typespec for argument "nr".
{}
In: :_glmnet:src/glmnet/_glmnet/glmnet5.f:multspelnet
vars2fortran: No typespec for argument "ne".
{}
In: :_glmnet:src/glmnet/_glmnet/glmnet5.f:multspelnet
vars2fortran: No typespec for argument "nx".
{}
In: :_glmnet:src/glmnet/_glmnet/glmnet5.f:multspelnet
vars2fortran: No typespec for argument "nlam".
{}
In: :_glmnet:src/glmnet/_glmnet/glmnet5.f:multspelnet
vars2fortran: No typespec for argument "flmin".
{}
In: :_glmnet:src/glmnet/_glmnet/glmnet5.f:multspelnet
vars2fortran: No typespec for argument "thr".
{}
In: :_glmnet:src/glmnet/_glmnet/glmnet5.f:multspelnet
vars2fortran: No typespec for argument "isd".
{}
In: :_glmnet:src/glmnet/_glmnet/glmnet5.f:multspelnet
vars2fortran: No typespec for argument "jsd".
{}
In: :_glmnet:src/glmnet/_glmnet/glmnet5.f:multspelnet
vars2fortran: No typespec for argument "intr".
{}
In: :_glmnet:src/glmnet/_glmnet/glmnet5.f:multspelnet
vars2fortran: No typespec for argument "maxit".
{}
In: :_glmnet:src/glmnet/_glmnet/glmnet5.f:multspelnet
vars2fortran: No typespec for argument "lmu".
{}
In: :_glmnet:src/glmnet/_glmnet/glmnet5.f:multspelnet
vars2fortran: No typespec for argument "nlp".
{}
In: :_glmnet:src/glmnet/_glmnet/glmnet5.f:multspelnet
vars2fortran: No typespec for argument "jerr".
			Block: multspelnet
{}
In: :_glmnet:src/glmnet/_glmnet/glmnet5.f:multspelnetn
vars2fortran: No typespec for argument "parm".
{}
In: :_glmnet:src/glmnet/_glmnet/glmnet5.f:multspelnetn
vars2fortran: No typespec for argument "no".
{}
In: :_glmnet:src/glmnet/_glmnet/glmnet5.f:multspelnetn
vars2fortran: No typespec for argument "ni".
{}
In: :_glmnet:src/glmnet/_glmnet/glmnet5.f:multspelnetn
vars2fortran: No typespec for argument "nr".
{}
In: :_glmnet:src/glmnet/_glmnet/glmnet5.f:multspelnetn
vars2fortran: No typespec for argument "ne".
{}
In: :_glmnet:src/glmnet/_glmnet/glmnet5.f:multspelnetn
vars2fortran: No typespec for argument "nx".
{}
In: :_glmnet:src/glmnet/_glmnet/glmnet5.f:multspelnetn
vars2fortran: No typespec for argument "nlam".
{}
In: :_glmnet:src/glmnet/_glmnet/glmnet5.f:multspelnetn
vars2fortran: No typespec for argument "flmin".
{}
In: :_glmnet:src/glmnet/_glmnet/glmnet5.f:multspelnetn
vars2fortran: No typespec for argument "thr".
{}
In: :_glmnet:src/glmnet/_glmnet/glmnet5.f:multspelnetn
vars2fortran: No typespec for argument "isd".
{}
In: :_glmnet:src/glmnet/_glmnet/glmnet5.f:multspelnetn
vars2fortran: No typespec for argument "jsd".
{}
In: :_glmnet:src/glmnet/_glmnet/glmnet5.f:multspelnetn
vars2fortran: No typespec for argument "intr".
{}
In: :_glmnet:src/glmnet/_glmnet/glmnet5.f:multspelnetn
vars2fortran: No typespec for argument "maxit".
{}
In: :_glmnet:src/glmnet/_glmnet/glmnet5.f:multspelnetn
vars2fortran: No typespec for argument "lmu".
{}
In: :_glmnet:src/glmnet/_glmnet/glmnet5.f:multspelnetn
vars2fortran: No typespec for argument "nlp".
{}
In: :_glmnet:src/glmnet/_glmnet/glmnet5.f:multspelnetn
vars2fortran: No typespec for argument "jerr".
			Block: multspelnetn
{}
In: :_glmnet:src/glmnet/_glmnet/glmnet5.f:multspstandard1
vars2fortran: No typespec for argument "no".
{}
In: :_glmnet:src/glmnet/_glmnet/glmnet5.f:multspstandard1
vars2fortran: No typespec for argument "ni".
{}
In: :_glmnet:src/glmnet/_glmnet/glmnet5.f:multspstandard1
vars2fortran: No typespec for argument "nr".
{}
In: :_glmnet:src/glmnet/_glmnet/glmnet5.f:multspstandard1
vars2fortran: No typespec for argument "isd".
{}
In: :_glmnet:src/glmnet/_glmnet/glmnet5.f:multspstandard1
vars2fortran: No typespec for argument "jsd".
{}
In: :_glmnet:src/glmnet/_glmnet/glmnet5.f:multspstandard1
vars2fortran: No typespec for argument "intr".
{}
In: :_glmnet:src/glmnet/_glmnet/glmnet5.f:multspstandard1
vars2fortran: No typespec for argument "ys0".
{}
In: :_glmnet:src/glmnet/_glmnet/glmnet5.f:multspstandard1
vars2fortran: No typespec for argument "jerr".
			Block: multspstandard1
{}
In: :_glmnet:src/glmnet/_glmnet/glmnet5.f:multspelnet2
vars2fortran: No typespec for argument "beta".
{}
In: :_glmnet:src/glmnet/_glmnet/glmnet5.f:multspelnet2
vars2fortran: No typespec for argument "ni".
{}
In: :_glmnet:src/glmnet/_glmnet/glmnet5.f:multspelnet2
vars2fortran: No typespec for argument "nr".
{}
In: :_glmnet:src/glmnet/_glmnet/glmnet5.f:multspelnet2
vars2fortran: No typespec for argument "no".
{}
In: :_glmnet:src/glmnet/_glmnet/glmnet5.f:multspelnet2
vars2fortran: No typespec for argument "ne".
{}
In: :_glmnet:src/glmnet/_glmnet/glmnet5.f:multspelnet2
vars2fortran: No typespec for argument "nx".
{}
In: :_glmnet:src/glmnet/_glmnet/glmnet5.f:multspelnet2
vars2fortran: No typespec for argument "nlam".
{}
In: :_glmnet:src/glmnet/_glmnet/glmnet5.f:multspelnet2
vars2fortran: No typespec for argument "flmin".
{}
In: :_glmnet:src/glmnet/_glmnet/glmnet5.f:multspelnet2
vars2fortran: No typespec for argument "thri".
{}
In: :_glmnet:src/glmnet/_glmnet/glmnet5.f:multspelnet2
vars2fortran: No typespec for argument "maxit".
{}
In: :_glmnet:src/glmnet/_glmnet/glmnet5.f:multspelnet2
vars2fortran: No typespec for argument "ys0".
{}
In: :_glmnet:src/glmnet/_glmnet/glmnet5.f:multspelnet2
vars2fortran: No typespec for argument "lmu".
{}
In: :_glmnet:src/glmnet/_glmnet/glmnet5.f:multspelnet2
vars2fortran: No typespec for argument "nlp".
{}
In: :_glmnet:src/glmnet/_glmnet/glmnet5.f:multspelnet2
vars2fortran: No typespec for argument "jerr".
			Block: multspelnet2
{}
In: :_glmnet:src/glmnet/_glmnet/glmnet5.f:multlognetn
vars2fortran: No typespec for argument "parm".
{}
In: :_glmnet:src/glmnet/_glmnet/glmnet5.f:multlognetn
vars2fortran: No typespec for argument "no".
{}
In: :_glmnet:src/glmnet/_glmnet/glmnet5.f:multlognetn
vars2fortran: No typespec for argument "ni".
{}
In: :_glmnet:src/glmnet/_glmnet/glmnet5.f:multlognetn
vars2fortran: No typespec for argument "nc".
{}
In: :_glmnet:src/glmnet/_glmnet/glmnet5.f:multlognetn
vars2fortran: No typespec for argument "ne".
{}
In: :_glmnet:src/glmnet/_glmnet/glmnet5.f:multlognetn
vars2fortran: No typespec for argument "nx".
{}
In: :_glmnet:src/glmnet/_glmnet/glmnet5.f:multlognetn
vars2fortran: No typespec for argument "nlam".
{}
In: :_glmnet:src/glmnet/_glmnet/glmnet5.f:multlognetn
vars2fortran: No typespec for argument "flmin".
{}
In: :_glmnet:src/glmnet/_glmnet/glmnet5.f:multlognetn
vars2fortran: No typespec for argument "shri".
{}
In: :_glmnet:src/glmnet/_glmnet/glmnet5.f:multlognetn
vars2fortran: No typespec for argument "intr".
{}
In: :_glmnet:src/glmnet/_glmnet/glmnet5.f:multlognetn
vars2fortran: No typespec for argument "maxit".
{}
In: :_glmnet:src/glmnet/_glmnet/glmnet5.f:multlognetn
vars2fortran: No typespec for argument "lmu".
{}
In: :_glmnet:src/glmnet/_glmnet/glmnet5.f:multlognetn
vars2fortran: No typespec for argument "dev0".
{}
In: :_glmnet:src/glmnet/_glmnet/glmnet5.f:multlognetn
vars2fortran: No typespec for argument "nlp".
{}
In: :_glmnet:src/glmnet/_glmnet/glmnet5.f:multlognetn
vars2fortran: No typespec for argument "jerr".
			Block: multlognetn
{}
In: :_glmnet:src/glmnet/_glmnet/glmnet5.f:multsprlognetn
vars2fortran: No typespec for argument "parm".
{}
In: :_glmnet:src/glmnet/_glmnet/glmnet5.f:multsprlognetn
vars2fortran: No typespec for argument "no".
{}
In: :_glmnet:src/glmnet/_glmnet/glmnet5.f:multsprlognetn
vars2fortran: No typespec for argument "ni".
{}
In: :_glmnet:src/glmnet/_glmnet/glmnet5.f:multsprlognetn
vars2fortran: No typespec for argument "nc".
{}
In: :_glmnet:src/glmnet/_glmnet/glmnet5.f:multsprlognetn
vars2fortran: No typespec for argument "ne".
{}
In: :_glmnet:src/glmnet/_glmnet/glmnet5.f:multsprlognetn
vars2fortran: No typespec for argument "nx".
{}
In: :_glmnet:src/glmnet/_glmnet/glmnet5.f:multsprlognetn
vars2fortran: No typespec for argument "nlam".
{}
In: :_glmnet:src/glmnet/_glmnet/glmnet5.f:multsprlognetn
vars2fortran: No typespec for argument "flmin".
{}
In: :_glmnet:src/glmnet/_glmnet/glmnet5.f:multsprlognetn
vars2fortran: No typespec for argument "shri".
{}
In: :_glmnet:src/glmnet/_glmnet/glmnet5.f:multsprlognetn
vars2fortran: No typespec for argument "intr".
{}
In: :_glmnet:src/glmnet/_glmnet/glmnet5.f:multsprlognetn
vars2fortran: No typespec for argument "maxit".
{}
In: :_glmnet:src/glmnet/_glmnet/glmnet5.f:multsprlognetn
vars2fortran: No typespec for argument "lmu".
{}
In: :_glmnet:src/glmnet/_glmnet/glmnet5.f:multsprlognetn
vars2fortran: No typespec for argument "dev0".
{}
In: :_glmnet:src/glmnet/_glmnet/glmnet5.f:multsprlognetn
vars2fortran: No typespec for argument "nlp".
{}
In: :_glmnet:src/glmnet/_glmnet/glmnet5.f:multsprlognetn
vars2fortran: No typespec for argument "jerr".
			Block: multsprlognetn
{}
In: :_glmnet:src/glmnet/_glmnet/glmnet5.f:psort7
vars2fortran: No typespec for argument "ii".
{}
In: :_glmnet:src/glmnet/_glmnet/glmnet5.f:psort7
vars2fortran: No typespec for argument "jj".
			Block: psort7
Applying post-processing hooks...
  character_backward_compatibility_hook
Post-processing (stage 2)...
Building modules...
    Building module "_glmnet"...
    Generating possibly empty wrappers"
    Maybe empty "_glmnet-f2pywrappers.f"
        Constructing wrapper function "get_int_parms"...
          get_int_parms(sml,eps,big,mnlam,rsqmax,pmin,exmx)
    Generating possibly empty wrappers"
    Maybe empty "_glmnet-f2pywrappers.f"
        Constructing wrapper function "chg_fract_dev"...
          chg_fract_dev(arg)
    Generating possibly empty wrappers"
    Maybe empty "_glmnet-f2pywrappers.f"
        Constructing wrapper function "chg_dev_max"...
          chg_dev_max(arg)
    Generating possibly empty wrappers"
    Maybe empty "_glmnet-f2pywrappers.f"
        Constructing wrapper function "chg_min_flmin"...
          chg_min_flmin(arg)
    Generating possibly empty wrappers"
    Maybe empty "_glmnet-f2pywrappers.f"
        Constructing wrapper function "chg_big"...
          chg_big(arg)
    Generating possibly empty wrappers"
    Maybe empty "_glmnet-f2pywrappers.f"
        Constructing wrapper function "chg_min_lambdas"...
          chg_min_lambdas(irg)
    Generating possibly empty wrappers"
    Maybe empty "_glmnet-f2pywrappers.f"
        Constructing wrapper function "chg_min_null_prob"...
          chg_min_null_prob(arg)
    Generating possibly empty wrappers"
    Maybe empty "_glmnet-f2pywrappers.f"
        Constructing wrapper function "chg_max_exp"...
          chg_max_exp(arg)
    Generating possibly empty wrappers"
    Maybe empty "_glmnet-f2pywrappers.f"
        Constructing wrapper function "elnet"...
getarrdims:warning: assumed shape array, using 0 instead of '*'
          elnet(ka,parm,x,y,w,jd,vp,cl,ne,flmin,ulam,thr,isd,intr,maxit,lmu,a0,ca,ia,nin,rsq,alm,nlp,jerr,[no,ni,nx,nlam])
    Generating possibly empty wrappers"
    Maybe empty "_glmnet-f2pywrappers.f"
        Constructing wrapper function "elnetu"...
getarrdims:warning: assumed shape array, using 0 instead of '*'
          elnetu(parm,x,y,w,jd,vp,cl,ne,flmin,ulam,thr,isd,intr,maxit,lmu,a0,ca,ia,nin,rsq,alm,nlp,jerr,[no,ni,nx,nlam])
    Generating possibly empty wrappers"
    Maybe empty "_glmnet-f2pywrappers.f"
        Constructing wrapper function "standard"...
          standard(x,y,w,isd,intr,ju,g,xm,xs,ym,ys,xv,jerr,[no,ni])
    Generating possibly empty wrappers"
    Maybe empty "_glmnet-f2pywrappers.f"
        Constructing wrapper function "elnet1"...
          elnet1(beta,ju,vp,cl,g,ne,x,flmin,ulam,thr,maxit,xv,lmu,ao,ia,kin,rsqo,almo,nlp,jerr,[ni,no,nx,nlam])
    Generating possibly empty wrappers"
    Maybe empty "_glmnet-f2pywrappers.f"
        Constructing wrapper function "elnetn"...
getarrdims:warning: assumed shape array, using 0 instead of '*'
          elnetn(parm,x,y,w,jd,vp,cl,ne,flmin,ulam,thr,isd,intr,maxit,lmu,a0,ca,ia,nin,rsq,alm,nlp,jerr,[no,ni,nx,nlam])
    Generating possibly empty wrappers"
    Maybe empty "_glmnet-f2pywrappers.f"
        Constructing wrapper function "standard1"...
          standard1(x,y,w,isd,intr,ju,xm,xs,ym,ys,xv,jerr,[no,ni])
    Generating possibly empty wrappers"
    Maybe empty "_glmnet-f2pywrappers.f"
        Constructing wrapper function "elnet2"...
          elnet2(beta,ju,vp,cl,y,ne,x,flmin,ulam,thr,maxit,xv,lmu,ao,ia,kin,rsqo,almo,nlp,jerr,[ni,no,nx,nlam])
    Generating possibly empty wrappers"
    Maybe empty "_glmnet-f2pywrappers.f"
        Constructing wrapper function "chkvars"...
          chkvars(x,ju,[no,ni])
    Generating possibly empty wrappers"
    Maybe empty "_glmnet-f2pywrappers.f"
        Constructing wrapper function "uncomp"...
getarrdims:warning: assumed shape array, using 0 instead of '*'
getarrdims:warning: assumed shape array, using 0 instead of '*'
          uncomp(ca,ia,nin,a,[ni])
    Generating possibly empty wrappers"
    Maybe empty "_glmnet-f2pywrappers.f"
        Constructing wrapper function "modval"...
getarrdims:warning: assumed shape array, using 0 instead of '*'
          modval(a0,ca,ia,x,f,[nin,n])
    Generating possibly empty wrappers"
    Maybe empty "_glmnet-f2pywrappers.f"
        Constructing wrapper function "spelnet"...
getarrdims:warning: assumed shape array, using 0 instead of '*'
getarrdims:warning: assumed shape array, using 0 instead of '*'
getarrdims:warning: assumed shape array, using 0 instead of '*'
getarrdims:warning: assumed shape array, using 0 instead of '*'
          spelnet(ka,parm,x,ix,jx,y,w,jd,vp,cl,ne,flmin,ulam,thr,isd,intr,maxit,lmu,a0,ca,ia,nin,rsq,alm,nlp,jerr,[no,ni,nx,nlam])
    Generating possibly empty wrappers"
    Maybe empty "_glmnet-f2pywrappers.f"
        Constructing wrapper function "spelnetu"...
getarrdims:warning: assumed shape array, using 0 instead of '*'
getarrdims:warning: assumed shape array, using 0 instead of '*'
getarrdims:warning: assumed shape array, using 0 instead of '*'
getarrdims:warning: assumed shape array, using 0 instead of '*'
          spelnetu(parm,x,ix,jx,y,w,jd,vp,cl,ne,flmin,ulam,thr,isd,intr,maxit,lmu,a0,ca,ia,nin,rsq,alm,nlp,jerr,[no,ni,nx,nlam])
    Generating possibly empty wrappers"
    Maybe empty "_glmnet-f2pywrappers.f"
        Constructing wrapper function "spstandard"...
getarrdims:warning: assumed shape array, using 0 instead of '*'
getarrdims:warning: assumed shape array, using 0 instead of '*'
getarrdims:warning: assumed shape array, using 0 instead of '*'
          spstandard(x,ix,jx,y,w,ju,isd,intr,g,xm,xs,ym,ys,xv,jerr,[no,ni])
    Generating possibly empty wrappers"
    Maybe empty "_glmnet-f2pywrappers.f"
        Constructing wrapper function "spelnet1"...
getarrdims:warning: assumed shape array, using 0 instead of '*'
getarrdims:warning: assumed shape array, using 0 instead of '*'
getarrdims:warning: assumed shape array, using 0 instead of '*'
          spelnet1(beta,g,w,ne,x,ix,jx,ju,vp,cl,flmin,ulam,thr,maxit,xm,xs,xv,lmu,ao,ia,kin,rsqo,almo,nlp,jerr,[ni,no,nx,nlam])
    Generating possibly empty wrappers"
    Maybe empty "_glmnet-f2pywrappers.f"
        Constructing wrapper function "spelnetn"...
getarrdims:warning: assumed shape array, using 0 instead of '*'
getarrdims:warning: assumed shape array, using 0 instead of '*'
getarrdims:warning: assumed shape array, using 0 instead of '*'
getarrdims:warning: assumed shape array, using 0 instead of '*'
          spelnetn(parm,x,ix,jx,y,w,jd,vp,cl,ne,flmin,ulam,thr,isd,intr,maxit,lmu,a0,ca,ia,nin,rsq,alm,nlp,jerr,[no,ni,nx,nlam])
    Generating possibly empty wrappers"
    Maybe empty "_glmnet-f2pywrappers.f"
        Constructing wrapper function "spstandard1"...
getarrdims:warning: assumed shape array, using 0 instead of '*'
getarrdims:warning: assumed shape array, using 0 instead of '*'
getarrdims:warning: assumed shape array, using 0 instead of '*'
          spstandard1(x,ix,jx,y,w,ju,isd,intr,xm,xs,ym,ys,xv,jerr,[no,ni])
    Generating possibly empty wrappers"
    Maybe empty "_glmnet-f2pywrappers.f"
        Constructing wrapper function "spelnet2"...
getarrdims:warning: assumed shape array, using 0 instead of '*'
getarrdims:warning: assumed shape array, using 0 instead of '*'
getarrdims:warning: assumed shape array, using 0 instead of '*'
          spelnet2(beta,y,w,ne,x,ix,jx,ju,vp,cl,flmin,ulam,thr,maxit,xm,xs,xv,lmu,ao,ia,kin,rsqo,almo,nlp,jerr,[ni,no,nx,nlam])
    Generating possibly empty wrappers"
    Maybe empty "_glmnet-f2pywrappers.f"
        Constructing wrapper function "spchkvars"...
getarrdims:warning: assumed shape array, using 0 instead of '*'
getarrdims:warning: assumed shape array, using 0 instead of '*'
          spchkvars(no,x,ix,ju,[ni])
    Generating possibly empty wrappers"
    Maybe empty "_glmnet-f2pywrappers.f"
        Constructing wrapper function "cmodval"...
getarrdims:warning: assumed shape array, using 0 instead of '*'
getarrdims:warning: assumed shape array, using 0 instead of '*'
getarrdims:warning: assumed shape array, using 0 instead of '*'
getarrdims:warning: assumed shape array, using 0 instead of '*'
getarrdims:warning: assumed shape array, using 0 instead of '*'
          cmodval(a0,ca,ia,nin,x,ix,jx,f,[n])
    Generating possibly empty wrappers"
    Maybe empty "_glmnet-f2pywrappers.f"
		Creating wrapper for Fortran function "row_prod"("row_prod")...
        Constructing wrapper function "row_prod"...
getarrdims:warning: assumed shape array, using 0 instead of '*'
getarrdims:warning: assumed shape array, using 0 instead of '*'
getarrdims:warning: assumed shape array, using 0 instead of '*'
getarrdims:warning: assumed shape array, using 0 instead of '*'
          row_prod = row_prod(i,j,ia,ja,ra,w)
    Generating possibly empty wrappers"
    Maybe empty "_glmnet-f2pywrappers.f"
		Creating wrapper for Fortran function "dot"("dot")...
        Constructing wrapper function "dot"...
getarrdims:warning: assumed shape array, using 0 instead of '*'
getarrdims:warning: assumed shape array, using 0 instead of '*'
getarrdims:warning: assumed shape array, using 0 instead of '*'
getarrdims:warning: assumed shape array, using 0 instead of '*'
getarrdims:warning: assumed shape array, using 0 instead of '*'
          dot = dot(x,y,mx,my,nx,ny,w)
    Generating possibly empty wrappers"
    Maybe empty "_glmnet-f2pywrappers.f"
        Constructing wrapper function "lognet"...
getarrdims:warning: assumed shape array, using 0 instead of '*'
          lognet(parm,nc,x,y,g,jd,vp,cl,ne,flmin,ulam,thr,isd,intr,maxit,kopt,lmu,a0,ca,ia,nin,dev0,dev,alm,nlp,jerr,[no,ni,nx,nlam])
    Generating possibly empty wrappers"
    Maybe empty "_glmnet-f2pywrappers.f"
        Constructing wrapper function "lstandard1"...
          lstandard1(x,w,ju,isd,intr,xm,xs,[no,ni])
    Generating possibly empty wrappers"
    Maybe empty "_glmnet-f2pywrappers.f"
        Constructing wrapper function "multlstandard1"...
          multlstandard1(x,w,ju,isd,intr,xm,xs,xv,[no,ni])
    Generating possibly empty wrappers"
    Maybe empty "_glmnet-f2pywrappers.f"
        Constructing wrapper function "lognet2n"...
          lognet2n(parm,x,y,g,w,ju,vp,cl,ne,flmin,ulam,shri,isd,intr,maxit,kopt,lmu,a0,a,m,kin,dev0,dev,alm,nlp,jerr,[no,ni,nx,nlam])
    Generating possibly empty wrappers"
    Maybe empty "_glmnet-f2pywrappers.f"
		Creating wrapper for Fortran function "dev2"("dev2")...
        Constructing wrapper function "dev2"...
          dev2 = dev2(w,y,p,pmin,[n])
    Generating possibly empty wrappers"
    Maybe empty "_glmnet-f2pywrappers.f"
		Creating wrapper for Fortran function "azero"("azero")...
        Constructing wrapper function "azero"...
          azero = azero(y,g,q,jerr,[n])
    Generating possibly empty wrappers"
    Maybe empty "_glmnet-f2pywrappers.f"
        Constructing wrapper function "lognetn"...
          lognetn(parm,x,y,g,w,ju,vp,cl,ne,flmin,ulam,shri,isd,intr,maxit,kopt,lmu,a0,a,m,kin,dev0,dev,alm,nlp,jerr,[no,ni,nc,nx,nlam])
    Generating possibly empty wrappers"
    Maybe empty "_glmnet-f2pywrappers.f"
        Constructing wrapper function "kazero"...
          kazero(y,g,q,az,jerr,[kk,n])
    Generating possibly empty wrappers"
    Maybe empty "_glmnet-f2pywrappers.f"
		Creating wrapper for Fortran function "elc"("elc")...
        Constructing wrapper function "elc"...
          elc = elc(parm,cl,a,m,[n])
    Generating possibly empty wrappers"
    Maybe empty "_glmnet-f2pywrappers.f"
		Creating wrapper for Fortran function "nintot"("nintot")...
        Constructing wrapper function "nintot"...
          nintot = nintot(a,m,nin,is,[ni,nx,nc])
    Generating possibly empty wrappers"
    Maybe empty "_glmnet-f2pywrappers.f"
        Constructing wrapper function "luncomp"...
          luncomp(ca,ia,nin,a,[ni,nx,nc])
    Generating possibly empty wrappers"
    Maybe empty "_glmnet-f2pywrappers.f"
        Constructing wrapper function "lmodval"...
getarrdims:warning: assumed shape array, using 0 instead of '*'
          lmodval(x,a0,ca,ia,nin,ans,[nt,nc,nx])
    Generating possibly empty wrappers"
    Maybe empty "_glmnet-f2pywrappers.f"
        Constructing wrapper function "splognet"...
getarrdims:warning: assumed shape array, using 0 instead of '*'
getarrdims:warning: assumed shape array, using 0 instead of '*'
getarrdims:warning: assumed shape array, using 0 instead of '*'
getarrdims:warning: assumed shape array, using 0 instead of '*'
          splognet(parm,nc,x,ix,jx,y,g,jd,vp,cl,ne,flmin,ulam,thr,isd,intr,maxit,kopt,lmu,a0,ca,ia,nin,dev0,dev,alm,nlp,jerr,[no,ni,nx,nlam])
    Generating possibly empty wrappers"
    Maybe empty "_glmnet-f2pywrappers.f"
        Constructing wrapper function "multsplstandard2"...
getarrdims:warning: assumed shape array, using 0 instead of '*'
getarrdims:warning: assumed shape array, using 0 instead of '*'
getarrdims:warning: assumed shape array, using 0 instead of '*'
          multsplstandard2(x,ix,jx,w,ju,isd,intr,xm,xs,xv,[no,ni])
    Generating possibly empty wrappers"
    Maybe empty "_glmnet-f2pywrappers.f"
        Constructing wrapper function "splstandard2"...
getarrdims:warning: assumed shape array, using 0 instead of '*'
getarrdims:warning: assumed shape array, using 0 instead of '*'
getarrdims:warning: assumed shape array, using 0 instead of '*'
          splstandard2(x,ix,jx,w,ju,isd,intr,xm,xs,[no,ni])
    Generating possibly empty wrappers"
    Maybe empty "_glmnet-f2pywrappers.f"
        Constructing wrapper function "sprlognet2n"...
getarrdims:warning: assumed shape array, using 0 instead of '*'
getarrdims:warning: assumed shape array, using 0 instead of '*'
getarrdims:warning: assumed shape array, using 0 instead of '*'
          sprlognet2n(parm,x,ix,jx,y,g,w,ju,vp,cl,ne,flmin,ulam,shri,isd,intr,maxit,kopt,xb,xs,lmu,a0,a,m,kin,dev0,dev,alm,nlp,jerr,[no,ni,nx,nlam])
    Generating possibly empty wrappers"
    Maybe empty "_glmnet-f2pywrappers.f"
        Constructing wrapper function "sprlognetn"...
getarrdims:warning: assumed shape array, using 0 instead of '*'
getarrdims:warning: assumed shape array, using 0 instead of '*'
getarrdims:warning: assumed shape array, using 0 instead of '*'
          sprlognetn(parm,x,ix,jx,y,g,w,ju,vp,cl,ne,flmin,ulam,shri,isd,intr,maxit,kopt,xb,xs,lmu,a0,a,m,kin,dev0,dev,alm,nlp,jerr,[no,ni,nc,nx,nlam])
    Generating possibly empty wrappers"
    Maybe empty "_glmnet-f2pywrappers.f"
        Constructing wrapper function "lcmodval"...
getarrdims:warning: assumed shape array, using 0 instead of '*'
getarrdims:warning: assumed shape array, using 0 instead of '*'
getarrdims:warning: assumed shape array, using 0 instead of '*'
getarrdims:warning: assumed shape array, using 0 instead of '*'
          lcmodval(a0,ca,ia,nin,x,ix,jx,f,[nc,nx,n])
    Generating possibly empty wrappers"
    Maybe empty "_glmnet-f2pywrappers.f"
        Constructing wrapper function "coxnet"...
getarrdims:warning: assumed shape array, using 0 instead of '*'
          coxnet(parm,x,y,d,g,w,jd,vp,cl,ne,flmin,ulam,thr,maxit,isd,lmu,ca,ia,nin,dev0,dev,alm,nlp,jerr,[no,ni,nx,nlam])
    Generating possibly empty wrappers"
    Maybe empty "_glmnet-f2pywrappers.f"
        Constructing wrapper function "cstandard"...
          cstandard(x,w,ju,isd,xs,[no,ni])
    Generating possibly empty wrappers"
    Maybe empty "_glmnet-f2pywrappers.f"
        Constructing wrapper function "coxnet1"...
          coxnet1(parm,x,y,d,g,q,ju,vp,cl,ne,flmin,ulam,cthri,isd,maxit,lmu,ao,m,kin,dev0,dev,alm,nlp,jerr,[no,ni,nx,nlam])
    Generating possibly empty wrappers"
    Maybe empty "_glmnet-f2pywrappers.f"
        Constructing wrapper function "cxmodval"...
getarrdims:warning: assumed shape array, using 0 instead of '*'
          cxmodval(ca,ia,x,f,[nin,n])
    Generating possibly empty wrappers"
    Maybe empty "_glmnet-f2pywrappers.f"
        Constructing wrapper function "groups"...
getarrdims:warning: assumed shape array, using 0 instead of '*'
          groups(y,d,q,nk,kp,jp,t0,jerr,[no])
    Generating possibly empty wrappers"
    Maybe empty "_glmnet-f2pywrappers.f"
        Constructing wrapper function "outer"...
          outer(d,dk,kp,jp,e,wr,w,jerr,u,[no,nk])
    Generating possibly empty wrappers"
    Maybe empty "_glmnet-f2pywrappers.f"
        Constructing wrapper function "vars"...
          vars(x,w,ixx,v,[no,ni])
    Generating possibly empty wrappers"
    Maybe empty "_glmnet-f2pywrappers.f"
        Constructing wrapper function "died"...
          died(d,kp,jp,dk,[no,nk])
    Generating possibly empty wrappers"
    Maybe empty "_glmnet-f2pywrappers.f"
        Constructing wrapper function "usk"...
          usk(kp,jp,e,u,[no,nk])
    Generating possibly empty wrappers"
    Maybe empty "_glmnet-f2pywrappers.f"
		Creating wrapper for Fortran function "risk"("risk")...
        Constructing wrapper function "risk"...
          risk = risk(ni,d,dk,f,e,kp,jp,u,[no,nk])
    Generating possibly empty wrappers"
    Maybe empty "_glmnet-f2pywrappers.f"
        Constructing wrapper function "loglike"...
          loglike(x,y,d,g,w,a,flog,jerr,[no,ni,nlam])
    Generating possibly empty wrappers"
    Maybe empty "_glmnet-f2pywrappers.f"
        Constructing wrapper function "fishnet"...
getarrdims:warning: assumed shape array, using 0 instead of '*'
          fishnet(parm,x,y,g,w,jd,vp,cl,ne,flmin,ulam,thr,isd,intr,maxit,lmu,a0,ca,ia,nin,dev0,dev,alm,nlp,jerr,[no,ni,nx,nlam])
    Generating possibly empty wrappers"
    Maybe empty "_glmnet-f2pywrappers.f"
        Constructing wrapper function "fishnet1"...
          fishnet1(parm,x,y,g,q,ju,vp,cl,ne,flmin,ulam,shri,isd,intr,maxit,lmu,a0,ca,m,kin,dev0,dev,alm,nlp,jerr,[no,ni,nx,nlam])
    Generating possibly empty wrappers"
    Maybe empty "_glmnet-f2pywrappers.f"
		Creating wrapper for Fortran function "nonzero"("nonzero")...
        Constructing wrapper function "nonzero"...
          nonzero = nonzero(v,[n])
    Generating possibly empty wrappers"
    Maybe empty "_glmnet-f2pywrappers.f"
        Constructing wrapper function "solns"...
          solns(a,ia,nin,b,[ni,nx,lmu])
    Generating possibly empty wrappers"
    Maybe empty "_glmnet-f2pywrappers.f"
        Constructing wrapper function "lsolns"...
          lsolns(a,ia,nin,b,[ni,nx,nc,lmu])
    Generating possibly empty wrappers"
    Maybe empty "_glmnet-f2pywrappers.f"
        Constructing wrapper function "deviance"...
          deviance(x,y,g,q,a0,a,flog,jerr,[no,ni,nlam])
    Generating possibly empty wrappers"
    Maybe empty "_glmnet-f2pywrappers.f"
        Constructing wrapper function "spfishnet"...
getarrdims:warning: assumed shape array, using 0 instead of '*'
getarrdims:warning: assumed shape array, using 0 instead of '*'
getarrdims:warning: assumed shape array, using 0 instead of '*'
getarrdims:warning: assumed shape array, using 0 instead of '*'
          spfishnet(parm,x,ix,jx,y,g,w,jd,vp,cl,ne,flmin,ulam,thr,isd,intr,maxit,lmu,a0,ca,ia,nin,dev0,dev,alm,nlp,jerr,[no,ni,nx,nlam])
    Generating possibly empty wrappers"
    Maybe empty "_glmnet-f2pywrappers.f"
        Constructing wrapper function "spfishnet1"...
getarrdims:warning: assumed shape array, using 0 instead of '*'
getarrdims:warning: assumed shape array, using 0 instead of '*'
getarrdims:warning: assumed shape array, using 0 instead of '*'
          spfishnet1(parm,x,ix,jx,y,g,q,ju,vp,cl,ne,flmin,ulam,shri,isd,intr,maxit,xb,xs,lmu,a0,ca,m,kin,dev0,dev,alm,nlp,jerr,[no,ni,nx,nlam])
    Generating possibly empty wrappers"
    Maybe empty "_glmnet-f2pywrappers.f"
        Constructing wrapper function "spdeviance"...
getarrdims:warning: assumed shape array, using 0 instead of '*'
getarrdims:warning: assumed shape array, using 0 instead of '*'
getarrdims:warning: assumed shape array, using 0 instead of '*'
          spdeviance(x,ix,jx,y,g,q,a0,a,flog,jerr,[no,ni,nlam])
    Generating possibly empty wrappers"
    Maybe empty "_glmnet-f2pywrappers.f"
        Constructing wrapper function "cspdeviance"...
getarrdims:warning: assumed shape array, using 0 instead of '*'
getarrdims:warning: assumed shape array, using 0 instead of '*'
getarrdims:warning: assumed shape array, using 0 instead of '*'
          cspdeviance(x,ix,jx,y,g,q,a0,ca,ia,nin,flog,jerr,[no,nx,nlam])
    Generating possibly empty wrappers"
    Maybe empty "_glmnet-f2pywrappers.f"
        Constructing wrapper function "multelnet"...
getarrdims:warning: assumed shape array, using 0 instead of '*'
          multelnet(parm,x,y,w,jd,vp,cl,ne,flmin,ulam,thr,isd,jsd,intr,maxit,lmu,a0,ca,ia,nin,rsq,alm,nlp,jerr,[no,ni,nr,nx,nlam])
    Generating possibly empty wrappers"
    Maybe empty "_glmnet-f2pywrappers.f"
        Constructing wrapper function "multelnetn"...
getarrdims:warning: assumed shape array, using 0 instead of '*'
          multelnetn(parm,x,y,w,jd,vp,cl,ne,flmin,ulam,thr,isd,jsd,intr,maxit,lmu,a0,ca,ia,nin,rsq,alm,nlp,jerr,[no,ni,nr,nx,nlam])
    Generating possibly empty wrappers"
    Maybe empty "_glmnet-f2pywrappers.f"
        Constructing wrapper function "multstandard1"...
          multstandard1(x,y,w,isd,jsd,intr,ju,xm,xs,ym,ys,xv,ys0,jerr,[no,ni,nr])
    Generating possibly empty wrappers"
    Maybe empty "_glmnet-f2pywrappers.f"
        Constructing wrapper function "multelnet2"...
          multelnet2(beta,ju,vp,cl,y,ne,x,flmin,ulam,thri,maxit,xv,ys0,lmu,ao,ia,kin,rsqo,almo,nlp,jerr,[ni,nr,no,nx,nlam])
    Generating possibly empty wrappers"
    Maybe empty "_glmnet-f2pywrappers.f"
        Constructing wrapper function "chkbnds"...
          chkbnds(gk,gkn,xv,cl,al1,al2,a,isc,jerr,[nr])
    Generating possibly empty wrappers"
    Maybe empty "_glmnet-f2pywrappers.f"
        Constructing wrapper function "chkbnds1"...
          chkbnds1(gk,gkn,xv,cl1,cl2,al1,al2,a,isc,jerr,[nr])
    Generating possibly empty wrappers"
    Maybe empty "_glmnet-f2pywrappers.f"
		Creating wrapper for Fortran function "bnorm"("bnorm")...
        Constructing wrapper function "bnorm"...
          bnorm = bnorm(b0,al1p,al2p,g,usq,jerr)
    Generating possibly empty wrappers"
    Maybe empty "_glmnet-f2pywrappers.f"
        Constructing wrapper function "multsolns"...
          multsolns(a,ia,nin,b,[ni,nx,nr,lmu])
    Generating possibly empty wrappers"
    Maybe empty "_glmnet-f2pywrappers.f"
        Constructing wrapper function "multuncomp"...
          multuncomp(ca,ia,nin,a,[ni,nr,nx])
    Generating possibly empty wrappers"
    Maybe empty "_glmnet-f2pywrappers.f"
        Constructing wrapper function "multmodval"...
getarrdims:warning: assumed shape array, using 0 instead of '*'
          multmodval(a0,ca,ia,nin,x,f,[nx,nr,n])
    Generating possibly empty wrappers"
    Maybe empty "_glmnet-f2pywrappers.f"
        Constructing wrapper function "multspelnet"...
getarrdims:warning: assumed shape array, using 0 instead of '*'
getarrdims:warning: assumed shape array, using 0 instead of '*'
getarrdims:warning: assumed shape array, using 0 instead of '*'
getarrdims:warning: assumed shape array, using 0 instead of '*'
          multspelnet(parm,x,ix,jx,y,w,jd,vp,cl,ne,flmin,ulam,thr,isd,jsd,intr,maxit,lmu,a0,ca,ia,nin,rsq,alm,nlp,jerr,[no,ni,nr,nx,nlam])
    Generating possibly empty wrappers"
    Maybe empty "_glmnet-f2pywrappers.f"
        Constructing wrapper function "multspelnetn"...
getarrdims:warning: assumed shape array, using 0 instead of '*'
getarrdims:warning: assumed shape array, using 0 instead of '*'
getarrdims:warning: assumed shape array, using 0 instead of '*'
getarrdims:warning: assumed shape array, using 0 instead of '*'
          multspelnetn(parm,x,ix,jx,y,w,jd,vp,cl,ne,flmin,ulam,thr,isd,jsd,intr,maxit,lmu,a0,ca,ia,nin,rsq,alm,nlp,jerr,[no,ni,nr,nx,nlam])
    Generating possibly empty wrappers"
    Maybe empty "_glmnet-f2pywrappers.f"
        Constructing wrapper function "multspstandard1"...
getarrdims:warning: assumed shape array, using 0 instead of '*'
getarrdims:warning: assumed shape array, using 0 instead of '*'
getarrdims:warning: assumed shape array, using 0 instead of '*'
          multspstandard1(x,ix,jx,y,w,ju,isd,jsd,intr,xm,xs,ym,ys,xv,ys0,jerr,[no,ni,nr])
    Generating possibly empty wrappers"
    Maybe empty "_glmnet-f2pywrappers.f"
        Constructing wrapper function "multspelnet2"...
getarrdims:warning: assumed shape array, using 0 instead of '*'
getarrdims:warning: assumed shape array, using 0 instead of '*'
getarrdims:warning: assumed shape array, using 0 instead of '*'
          multspelnet2(beta,y,w,ne,x,ix,jx,ju,vp,cl,flmin,ulam,thri,maxit,xm,xs,xv,ys0,lmu,ao,ia,kin,rsqo,almo,nlp,jerr,[ni,nr,no,nx,nlam])
    Generating possibly empty wrappers"
    Maybe empty "_glmnet-f2pywrappers.f"
        Constructing wrapper function "multlognetn"...
          multlognetn(parm,x,y,g,w,ju,vp,cl,ne,flmin,ulam,shri,intr,maxit,xv,lmu,a0,a,m,kin,dev0,dev,alm,nlp,jerr,[no,ni,nc,nx,nlam])
    Generating possibly empty wrappers"
    Maybe empty "_glmnet-f2pywrappers.f"
        Constructing wrapper function "multsprlognetn"...
getarrdims:warning: assumed shape array, using 0 instead of '*'
getarrdims:warning: assumed shape array, using 0 instead of '*'
getarrdims:warning: assumed shape array, using 0 instead of '*'
          multsprlognetn(parm,x,ix,jx,y,g,w,ju,vp,cl,ne,flmin,ulam,shri,intr,maxit,xv,xb,xs,lmu,a0,a,m,kin,dev0,dev,alm,nlp,jerr,[no,ni,nc,nx,nlam])
    Generating possibly empty wrappers"
    Maybe empty "_glmnet-f2pywrappers.f"
        Constructing wrapper function "psort7"...
          psort7(v,a,ii,[jj])
    Wrote C/API module "_glmnet" to file "./_glmnetmodule.c"
    Fortran 77 wrappers are saved to "./_glmnet-f2pywrappers.f"
